{"/home/ishwargautam/Desktop/Assignments/Practitioner_Profile_Management/server/src/constant.ts": {"path":"/home/ishwargautam/Desktop/Assignments/Practitioner_Profile_Management/server/src/constant.ts","statementMap":{"0":{"start":{"line":1,"column":13},"end":{"line":1,"column":37}},"1":{"start":{"line":2,"column":13},"end":{"line":3,"column":41}},"2":{"start":{"line":4,"column":13},"end":{"line":5,"column":42}},"3":{"start":{"line":6,"column":13},"end":{"line":6,"column":51}},"4":{"start":{"line":7,"column":13},"end":{"line":7,"column":51}}},"fnMap":{},"branchMap":{},"s":{"0":3,"1":3,"2":3,"3":3,"4":3},"f":{},"b":{}}
,"/home/ishwargautam/Desktop/Assignments/Practitioner_Profile_Management/server/src/models/practitioner.model.ts": {"path":"/home/ishwargautam/Desktop/Assignments/Practitioner_Profile_Management/server/src/models/practitioner.model.ts","statementMap":{"0":{"start":{"line":1,"column":0},"end":{"line":1,"column":32}},"1":{"start":{"line":3,"column":27},"end":{"line":40,"column":null}},"2":{"start":{"line":43,"column":0},"end":{"line":43,"column":79}}},"fnMap":{},"branchMap":{},"s":{"0":4,"1":4,"2":4},"f":{},"b":{}}
,"/home/ishwargautam/Desktop/Assignments/Practitioner_Profile_Management/server/src/models/user.model.ts": {"path":"/home/ishwargautam/Desktop/Assignments/Practitioner_Profile_Management/server/src/models/user.model.ts","statementMap":{"0":{"start":{"line":1,"column":0},"end":{"line":1,"column":32}},"1":{"start":{"line":3,"column":19},"end":{"line":18,"column":null}},"2":{"start":{"line":21,"column":0},"end":{"line":21,"column":55}}},"fnMap":{},"branchMap":{},"s":{"0":3,"1":3,"2":3},"f":{},"b":{}}
,"/home/ishwargautam/Desktop/Assignments/Practitioner_Profile_Management/server/src/services/practitioner.service.ts": {"path":"/home/ishwargautam/Desktop/Assignments/Practitioner_Profile_Management/server/src/services/practitioner.service.ts","statementMap":{"0":{"start":{"line":1,"column":30},"end":{"line":1,"column":69}},"1":{"start":{"line":21,"column":37},"end":{"line":66,"column":1}},"2":{"start":{"line":31,"column":6},"end":{"line":31,"column":13}},"3":{"start":{"line":33,"column":26},"end":{"line":42,"column":4}},"4":{"start":{"line":44,"column":2},"end":{"line":65,"column":null}},"5":{"start":{"line":45,"column":33},"end":{"line":45,"column":75}},"6":{"start":{"line":47,"column":4},"end":{"line":52,"column":null}},"7":{"start":{"line":48,"column":6},"end":{"line":51,"column":8}},"8":{"start":{"line":54,"column":4},"end":{"line":54,"column":33}},"9":{"start":{"line":56,"column":4},"end":{"line":59,"column":6}},"10":{"start":{"line":61,"column":4},"end":{"line":64,"column":6}},"11":{"start":{"line":21,"column":13},"end":{"line":21,"column":37}},"12":{"start":{"line":74,"column":37},"end":{"line":88,"column":1}},"13":{"start":{"line":75,"column":2},"end":{"line":87,"column":null}},"14":{"start":{"line":76,"column":25},"end":{"line":76,"column":66}},"15":{"start":{"line":78,"column":4},"end":{"line":81,"column":6}},"16":{"start":{"line":83,"column":4},"end":{"line":86,"column":6}},"17":{"start":{"line":74,"column":13},"end":{"line":74,"column":37}},"18":{"start":{"line":95,"column":41},"end":{"line":109,"column":1}},"19":{"start":{"line":96,"column":2},"end":{"line":108,"column":null}},"20":{"start":{"line":97,"column":26},"end":{"line":97,"column":56}},"21":{"start":{"line":99,"column":4},"end":{"line":102,"column":6}},"22":{"start":{"line":104,"column":4},"end":{"line":107,"column":6}},"23":{"start":{"line":95,"column":13},"end":{"line":95,"column":41}},"24":{"start":{"line":118,"column":40},"end":{"line":174,"column":1}},"25":{"start":{"line":132,"column":6},"end":{"line":132,"column":13}},"26":{"start":{"line":134,"column":26},"end":{"line":144,"column":4}},"27":{"start":{"line":146,"column":2},"end":{"line":173,"column":null}},"28":{"start":{"line":147,"column":33},"end":{"line":147,"column":72}},"29":{"start":{"line":149,"column":4},"end":{"line":158,"column":null}},"30":{"start":{"line":154,"column":6},"end":{"line":157,"column":8}},"31":{"start":{"line":160,"column":4},"end":{"line":162,"column":7}},"32":{"start":{"line":164,"column":4},"end":{"line":167,"column":6}},"33":{"start":{"line":169,"column":4},"end":{"line":172,"column":6}},"34":{"start":{"line":118,"column":13},"end":{"line":118,"column":40}},"35":{"start":{"line":182,"column":40},"end":{"line":196,"column":1}},"36":{"start":{"line":183,"column":2},"end":{"line":195,"column":null}},"37":{"start":{"line":184,"column":25},"end":{"line":184,"column":70}},"38":{"start":{"line":186,"column":4},"end":{"line":189,"column":6}},"39":{"start":{"line":191,"column":4},"end":{"line":194,"column":6}},"40":{"start":{"line":182,"column":13},"end":{"line":182,"column":40}}},"fnMap":{"0":{"name":"(anonymous_0)","decl":{"start":{"line":21,"column":37},"end":{"line":21,"column":42}},"loc":{"start":{"line":21,"column":73},"end":{"line":66,"column":1}}},"1":{"name":"(anonymous_1)","decl":{"start":{"line":74,"column":37},"end":{"line":74,"column":42}},"loc":{"start":{"line":74,"column":67},"end":{"line":88,"column":1}}},"2":{"name":"(anonymous_2)","decl":{"start":{"line":95,"column":41},"end":{"line":95,"column":46}},"loc":{"start":{"line":95,"column":52},"end":{"line":109,"column":1}}},"3":{"name":"(anonymous_3)","decl":{"start":{"line":118,"column":40},"end":{"line":118,"column":45}},"loc":{"start":{"line":121,"column":4},"end":{"line":174,"column":1}}},"4":{"name":"(anonymous_4)","decl":{"start":{"line":182,"column":40},"end":{"line":182,"column":45}},"loc":{"start":{"line":182,"column":70},"end":{"line":196,"column":1}}}},"branchMap":{"0":{"loc":{"start":{"line":47,"column":4},"end":{"line":52,"column":null}},"type":"if","locations":[{"start":{"line":47,"column":4},"end":{"line":52,"column":null}}]},"1":{"loc":{"start":{"line":149,"column":4},"end":{"line":158,"column":null}},"type":"if","locations":[{"start":{"line":149,"column":4},"end":{"line":158,"column":null}}]},"2":{"loc":{"start":{"line":150,"column":6},"end":{"line":152,"column":54}},"type":"binary-expr","locations":[{"start":{"line":150,"column":6},"end":{"line":150,"column":33}},{"start":{"line":151,"column":7},"end":{"line":151,"column":40}},{"start":{"line":152,"column":8},"end":{"line":152,"column":53}}]}},"s":{"0":4,"1":4,"2":2,"3":2,"4":2,"5":2,"6":2,"7":1,"8":1,"9":1,"10":0,"11":4,"12":4,"13":1,"14":1,"15":1,"16":0,"17":4,"18":4,"19":1,"20":1,"21":1,"22":0,"23":4,"24":4,"25":2,"26":2,"27":2,"28":2,"29":2,"30":1,"31":1,"32":1,"33":0,"34":4,"35":4,"36":1,"37":1,"38":1,"39":0,"40":4},"f":{"0":2,"1":1,"2":1,"3":2,"4":1},"b":{"0":[1],"1":[1],"2":[2,1,0]}}
,"/home/ishwargautam/Desktop/Assignments/Practitioner_Profile_Management/server/src/services/user.service.ts": {"path":"/home/ishwargautam/Desktop/Assignments/Practitioner_Profile_Management/server/src/services/user.service.ts","statementMap":{"0":{"start":{"line":1,"column":15},"end":{"line":1,"column":32}},"1":{"start":{"line":2,"column":12},"end":{"line":2,"column":35}},"2":{"start":{"line":3,"column":22},"end":{"line":3,"column":53}},"3":{"start":{"line":5,"column":0},"end":{"line":5,"column":null}},"4":{"start":{"line":10,"column":13},"end":{"line":10,"column":42}},"5":{"start":{"line":24,"column":32},"end":{"line":69,"column":1}},"6":{"start":{"line":25,"column":30},"end":{"line":25,"column":37}},"7":{"start":{"line":27,"column":2},"end":{"line":68,"column":null}},"8":{"start":{"line":28,"column":25},"end":{"line":28,"column":59}},"9":{"start":{"line":30,"column":4},"end":{"line":35,"column":null}},"10":{"start":{"line":31,"column":6},"end":{"line":34,"column":8}},"11":{"start":{"line":37,"column":26},"end":{"line":37,"column":79}},"12":{"start":{"line":39,"column":4},"end":{"line":44,"column":null}},"13":{"start":{"line":40,"column":6},"end":{"line":43,"column":8}},"14":{"start":{"line":46,"column":24},"end":{"line":49,"column":null}},"15":{"start":{"line":52,"column":25},"end":{"line":55,"column":null}},"16":{"start":{"line":57,"column":4},"end":{"line":57,"column":37}},"17":{"start":{"line":59,"column":4},"end":{"line":62,"column":6}},"18":{"start":{"line":64,"column":4},"end":{"line":67,"column":6}},"19":{"start":{"line":24,"column":13},"end":{"line":24,"column":32}},"20":{"start":{"line":77,"column":32},"end":{"line":121,"column":1}},"21":{"start":{"line":78,"column":40},"end":{"line":78,"column":47}},"22":{"start":{"line":80,"column":2},"end":{"line":120,"column":null}},"23":{"start":{"line":81,"column":25},"end":{"line":81,"column":59}},"24":{"start":{"line":83,"column":4},"end":{"line":88,"column":null}},"25":{"start":{"line":84,"column":6},"end":{"line":87,"column":8}},"26":{"start":{"line":90,"column":27},"end":{"line":90,"column":58}},"27":{"start":{"line":92,"column":21},"end":{"line":96,"column":6}},"28":{"start":{"line":98,"column":24},"end":{"line":101,"column":null}},"29":{"start":{"line":104,"column":25},"end":{"line":107,"column":null}},"30":{"start":{"line":109,"column":4},"end":{"line":109,"column":37}},"31":{"start":{"line":111,"column":4},"end":{"line":114,"column":6}},"32":{"start":{"line":116,"column":4},"end":{"line":119,"column":6}},"33":{"start":{"line":77,"column":13},"end":{"line":77,"column":32}},"34":{"start":{"line":129,"column":34},"end":{"line":164,"column":1}},"35":{"start":{"line":130,"column":2},"end":{"line":135,"column":null}},"36":{"start":{"line":131,"column":4},"end":{"line":134,"column":6}},"37":{"start":{"line":137,"column":19},"end":{"line":142,"column":null}},"38":{"start":{"line":141,"column":6},"end":{"line":141,"column":27}},"39":{"start":{"line":145,"column":2},"end":{"line":163,"column":null}},"40":{"start":{"line":146,"column":24},"end":{"line":151,"column":null}},"41":{"start":{"line":154,"column":4},"end":{"line":157,"column":6}},"42":{"start":{"line":159,"column":4},"end":{"line":162,"column":6}},"43":{"start":{"line":129,"column":13},"end":{"line":129,"column":34}}},"fnMap":{"0":{"name":"(anonymous_0)","decl":{"start":{"line":24,"column":32},"end":{"line":24,"column":37}},"loc":{"start":{"line":24,"column":63},"end":{"line":69,"column":1}}},"1":{"name":"(anonymous_1)","decl":{"start":{"line":77,"column":32},"end":{"line":77,"column":37}},"loc":{"start":{"line":77,"column":63},"end":{"line":121,"column":1}}},"2":{"name":"(anonymous_2)","decl":{"start":{"line":129,"column":34},"end":{"line":129,"column":35}},"loc":{"start":{"line":129,"column":59},"end":{"line":164,"column":1}}},"3":{"name":"(anonymous_3)","decl":{"start":{"line":140,"column":4},"end":{"line":140,"column":5}},"loc":{"start":{"line":140,"column":57},"end":{"line":142,"column":5}}}},"branchMap":{"0":{"loc":{"start":{"line":30,"column":4},"end":{"line":35,"column":null}},"type":"if","locations":[{"start":{"line":30,"column":4},"end":{"line":35,"column":null}}]},"1":{"loc":{"start":{"line":39,"column":4},"end":{"line":44,"column":null}},"type":"if","locations":[{"start":{"line":39,"column":4},"end":{"line":44,"column":null}}]},"2":{"loc":{"start":{"line":83,"column":4},"end":{"line":88,"column":null}},"type":"if","locations":[{"start":{"line":83,"column":4},"end":{"line":88,"column":null}}]},"3":{"loc":{"start":{"line":130,"column":2},"end":{"line":135,"column":null}},"type":"if","locations":[{"start":{"line":130,"column":2},"end":{"line":135,"column":null}}]},"4":{"loc":{"start":{"line":130,"column":6},"end":{"line":130,"column":60}},"type":"binary-expr","locations":[{"start":{"line":130,"column":6},"end":{"line":130,"column":19}},{"start":{"line":130,"column":23},"end":{"line":130,"column":60}}]},"5":{"loc":{"start":{"line":145,"column":2},"end":{"line":163,"column":null}},"type":"if","locations":[{"start":{"line":145,"column":2},"end":{"line":163,"column":null}},{"start":{"line":158,"column":9},"end":{"line":163,"column":null}}]}},"s":{"0":3,"1":3,"2":3,"3":3,"4":3,"5":3,"6":3,"7":3,"8":3,"9":3,"10":1,"11":2,"12":2,"13":1,"14":1,"15":1,"16":1,"17":1,"18":0,"19":3,"20":3,"21":2,"22":2,"23":2,"24":2,"25":1,"26":1,"27":1,"28":1,"29":1,"30":1,"31":1,"32":0,"33":3,"34":3,"35":3,"36":1,"37":2,"38":0,"39":2,"40":1,"41":1,"42":1,"43":3},"f":{"0":3,"1":2,"2":3,"3":0},"b":{"0":[1],"1":[1],"2":[1],"3":[1],"4":[3,2],"5":[1,1]}}
}
