{"/home/ishwargautam/Desktop/Assignments/Practitioner_Profile_Management/server/src/apiConfig.ts": {"path":"/home/ishwargautam/Desktop/Assignments/Practitioner_Profile_Management/server/src/apiConfig.ts","statementMap":{"0":{"start":{"line":1,"column":13},"end":{"line":1,"column":37}},"1":{"start":{"line":2,"column":13},"end":{"line":3,"column":44}},"2":{"start":{"line":4,"column":13},"end":{"line":5,"column":45}},"3":{"start":{"line":6,"column":13},"end":{"line":6,"column":51}},"4":{"start":{"line":7,"column":13},"end":{"line":7,"column":51}}},"fnMap":{},"branchMap":{"0":{"loc":{"start":{"line":3,"column":2},"end":{"line":3,"column":43}},"type":"binary-expr","locations":[{"start":{"line":3,"column":2},"end":{"line":3,"column":37}},{"start":{"line":3,"column":41},"end":{"line":3,"column":43}}]},"1":{"loc":{"start":{"line":5,"column":2},"end":{"line":5,"column":44}},"type":"binary-expr","locations":[{"start":{"line":5,"column":2},"end":{"line":5,"column":38}},{"start":{"line":5,"column":42},"end":{"line":5,"column":44}}]}},"s":{"0":3,"1":3,"2":3,"3":3,"4":3},"f":{},"b":{"0":[3,3],"1":[3,3]}}
,"/home/ishwargautam/Desktop/Assignments/Practitioner_Profile_Management/server/src/models/practitioner.model.ts": {"path":"/home/ishwargautam/Desktop/Assignments/Practitioner_Profile_Management/server/src/models/practitioner.model.ts","statementMap":{"0":{"start":{"line":1,"column":0},"end":{"line":1,"column":32}},"1":{"start":{"line":3,"column":27},"end":{"line":40,"column":null}},"2":{"start":{"line":43,"column":13},"end":{"line":46,"column":2}}},"fnMap":{},"branchMap":{},"s":{"0":4,"1":4,"2":4},"f":{},"b":{}}
,"/home/ishwargautam/Desktop/Assignments/Practitioner_Profile_Management/server/src/models/user.model.ts": {"path":"/home/ishwargautam/Desktop/Assignments/Practitioner_Profile_Management/server/src/models/user.model.ts","statementMap":{"0":{"start":{"line":1,"column":0},"end":{"line":1,"column":32}},"1":{"start":{"line":3,"column":19},"end":{"line":18,"column":null}},"2":{"start":{"line":21,"column":13},"end":{"line":21,"column":60}}},"fnMap":{},"branchMap":{},"s":{"0":2,"1":2,"2":2},"f":{},"b":{}}
,"/home/ishwargautam/Desktop/Assignments/Practitioner_Profile_Management/server/src/services/practitioner.service.ts": {"path":"/home/ishwargautam/Desktop/Assignments/Practitioner_Profile_Management/server/src/services/practitioner.service.ts","statementMap":{"0":{"start":{"line":1,"column":0},"end":{"line":1,"column":56}},"1":{"start":{"line":2,"column":0},"end":{"line":2,"column":65}},"2":{"start":{"line":22,"column":37},"end":{"line":58,"column":1}},"3":{"start":{"line":32,"column":6},"end":{"line":32,"column":13}},"4":{"start":{"line":34,"column":26},"end":{"line":43,"column":4}},"5":{"start":{"line":45,"column":2},"end":{"line":57,"column":null}},"6":{"start":{"line":46,"column":33},"end":{"line":46,"column":75}},"7":{"start":{"line":48,"column":4},"end":{"line":50,"column":null}},"8":{"start":{"line":49,"column":6},"end":{"line":49,"column":76}},"9":{"start":{"line":52,"column":4},"end":{"line":52,"column":33}},"10":{"start":{"line":54,"column":4},"end":{"line":54,"column":60}},"11":{"start":{"line":56,"column":4},"end":{"line":56,"column":69}},"12":{"start":{"line":22,"column":13},"end":{"line":22,"column":37}},"13":{"start":{"line":66,"column":37},"end":{"line":74,"column":1}},"14":{"start":{"line":67,"column":2},"end":{"line":73,"column":null}},"15":{"start":{"line":68,"column":25},"end":{"line":68,"column":66}},"16":{"start":{"line":70,"column":4},"end":{"line":70,"column":58}},"17":{"start":{"line":72,"column":4},"end":{"line":72,"column":69}},"18":{"start":{"line":66,"column":13},"end":{"line":66,"column":37}},"19":{"start":{"line":81,"column":41},"end":{"line":89,"column":1}},"20":{"start":{"line":82,"column":2},"end":{"line":88,"column":null}},"21":{"start":{"line":83,"column":26},"end":{"line":83,"column":56}},"22":{"start":{"line":85,"column":4},"end":{"line":85,"column":53}},"23":{"start":{"line":87,"column":4},"end":{"line":87,"column":69}},"24":{"start":{"line":81,"column":13},"end":{"line":81,"column":41}},"25":{"start":{"line":98,"column":40},"end":{"line":145,"column":1}},"26":{"start":{"line":112,"column":6},"end":{"line":112,"column":13}},"27":{"start":{"line":114,"column":26},"end":{"line":124,"column":4}},"28":{"start":{"line":126,"column":2},"end":{"line":144,"column":null}},"29":{"start":{"line":127,"column":33},"end":{"line":127,"column":72}},"30":{"start":{"line":129,"column":4},"end":{"line":135,"column":null}},"31":{"start":{"line":134,"column":6},"end":{"line":134,"column":76}},"32":{"start":{"line":137,"column":4},"end":{"line":139,"column":7}},"33":{"start":{"line":141,"column":4},"end":{"line":141,"column":55}},"34":{"start":{"line":143,"column":4},"end":{"line":143,"column":69}},"35":{"start":{"line":98,"column":13},"end":{"line":98,"column":40}},"36":{"start":{"line":153,"column":40},"end":{"line":161,"column":1}},"37":{"start":{"line":154,"column":2},"end":{"line":160,"column":null}},"38":{"start":{"line":155,"column":25},"end":{"line":155,"column":70}},"39":{"start":{"line":157,"column":4},"end":{"line":157,"column":59}},"40":{"start":{"line":159,"column":4},"end":{"line":159,"column":69}},"41":{"start":{"line":153,"column":13},"end":{"line":153,"column":40}}},"fnMap":{"0":{"name":"(anonymous_0)","decl":{"start":{"line":22,"column":37},"end":{"line":22,"column":42}},"loc":{"start":{"line":22,"column":73},"end":{"line":58,"column":1}}},"1":{"name":"(anonymous_1)","decl":{"start":{"line":66,"column":37},"end":{"line":66,"column":42}},"loc":{"start":{"line":66,"column":67},"end":{"line":74,"column":1}}},"2":{"name":"(anonymous_2)","decl":{"start":{"line":81,"column":41},"end":{"line":81,"column":46}},"loc":{"start":{"line":81,"column":52},"end":{"line":89,"column":1}}},"3":{"name":"(anonymous_3)","decl":{"start":{"line":98,"column":40},"end":{"line":98,"column":45}},"loc":{"start":{"line":101,"column":4},"end":{"line":145,"column":1}}},"4":{"name":"(anonymous_4)","decl":{"start":{"line":153,"column":40},"end":{"line":153,"column":45}},"loc":{"start":{"line":153,"column":70},"end":{"line":161,"column":1}}}},"branchMap":{"0":{"loc":{"start":{"line":48,"column":4},"end":{"line":50,"column":null}},"type":"if","locations":[{"start":{"line":48,"column":4},"end":{"line":50,"column":null}}]},"1":{"loc":{"start":{"line":129,"column":4},"end":{"line":135,"column":null}},"type":"if","locations":[{"start":{"line":129,"column":4},"end":{"line":135,"column":null}}]},"2":{"loc":{"start":{"line":130,"column":6},"end":{"line":132,"column":54}},"type":"binary-expr","locations":[{"start":{"line":130,"column":6},"end":{"line":130,"column":33}},{"start":{"line":131,"column":7},"end":{"line":131,"column":40}},{"start":{"line":132,"column":8},"end":{"line":132,"column":53}}]}},"s":{"0":4,"1":4,"2":4,"3":2,"4":2,"5":2,"6":2,"7":2,"8":1,"9":1,"10":1,"11":0,"12":4,"13":4,"14":1,"15":1,"16":1,"17":0,"18":4,"19":4,"20":1,"21":1,"22":1,"23":0,"24":4,"25":4,"26":2,"27":2,"28":2,"29":2,"30":2,"31":1,"32":1,"33":1,"34":0,"35":4,"36":4,"37":1,"38":1,"39":1,"40":0,"41":4},"f":{"0":2,"1":1,"2":1,"3":2,"4":1},"b":{"0":[1],"1":[1],"2":[2,1,0]}}
,"/home/ishwargautam/Desktop/Assignments/Practitioner_Profile_Management/server/src/services/user.service.ts": {"path":"/home/ishwargautam/Desktop/Assignments/Practitioner_Profile_Management/server/src/services/user.service.ts","statementMap":{"0":{"start":{"line":1,"column":0},"end":{"line":1,"column":28}},"1":{"start":{"line":2,"column":0},"end":{"line":2,"column":31}},"2":{"start":{"line":3,"column":0},"end":{"line":3,"column":49}},"3":{"start":{"line":4,"column":0},"end":{"line":4,"column":56}},"4":{"start":{"line":5,"column":0},"end":{"line":5,"column":null}},"5":{"start":{"line":22,"column":32},"end":{"line":56,"column":1}},"6":{"start":{"line":23,"column":30},"end":{"line":23,"column":37}},"7":{"start":{"line":25,"column":2},"end":{"line":55,"column":null}},"8":{"start":{"line":26,"column":25},"end":{"line":26,"column":59}},"9":{"start":{"line":28,"column":4},"end":{"line":30,"column":null}},"10":{"start":{"line":29,"column":6},"end":{"line":29,"column":63}},"11":{"start":{"line":32,"column":26},"end":{"line":32,"column":79}},"12":{"start":{"line":34,"column":4},"end":{"line":36,"column":null}},"13":{"start":{"line":35,"column":6},"end":{"line":35,"column":67}},"14":{"start":{"line":38,"column":24},"end":{"line":41,"column":null}},"15":{"start":{"line":44,"column":25},"end":{"line":47,"column":null}},"16":{"start":{"line":50,"column":4},"end":{"line":52,"column":6}},"17":{"start":{"line":54,"column":4},"end":{"line":54,"column":69}},"18":{"start":{"line":22,"column":13},"end":{"line":22,"column":32}},"19":{"start":{"line":64,"column":32},"end":{"line":100,"column":1}},"20":{"start":{"line":65,"column":40},"end":{"line":65,"column":47}},"21":{"start":{"line":67,"column":2},"end":{"line":99,"column":null}},"22":{"start":{"line":68,"column":25},"end":{"line":68,"column":59}},"23":{"start":{"line":70,"column":4},"end":{"line":72,"column":null}},"24":{"start":{"line":71,"column":6},"end":{"line":71,"column":68}},"25":{"start":{"line":74,"column":27},"end":{"line":74,"column":58}},"26":{"start":{"line":76,"column":21},"end":{"line":80,"column":6}},"27":{"start":{"line":82,"column":24},"end":{"line":85,"column":null}},"28":{"start":{"line":88,"column":25},"end":{"line":91,"column":null}},"29":{"start":{"line":94,"column":4},"end":{"line":96,"column":6}},"30":{"start":{"line":98,"column":4},"end":{"line":98,"column":69}},"31":{"start":{"line":64,"column":13},"end":{"line":64,"column":32}}},"fnMap":{"0":{"name":"(anonymous_1)","decl":{"start":{"line":22,"column":32},"end":{"line":22,"column":37}},"loc":{"start":{"line":22,"column":63},"end":{"line":56,"column":1}}},"1":{"name":"(anonymous_2)","decl":{"start":{"line":64,"column":32},"end":{"line":64,"column":37}},"loc":{"start":{"line":64,"column":63},"end":{"line":100,"column":1}}}},"branchMap":{"0":{"loc":{"start":{"line":28,"column":4},"end":{"line":30,"column":null}},"type":"if","locations":[{"start":{"line":28,"column":4},"end":{"line":30,"column":null}}]},"1":{"loc":{"start":{"line":34,"column":4},"end":{"line":36,"column":null}},"type":"if","locations":[{"start":{"line":34,"column":4},"end":{"line":36,"column":null}}]},"2":{"loc":{"start":{"line":70,"column":4},"end":{"line":72,"column":null}},"type":"if","locations":[{"start":{"line":70,"column":4},"end":{"line":72,"column":null}}]}},"s":{"0":2,"1":2,"2":2,"3":2,"4":2,"5":2,"6":3,"7":3,"8":3,"9":3,"10":1,"11":2,"12":2,"13":1,"14":1,"15":1,"16":1,"17":0,"18":2,"19":2,"20":2,"21":2,"22":2,"23":2,"24":1,"25":1,"26":1,"27":1,"28":1,"29":1,"30":0,"31":2},"f":{"0":3,"1":2},"b":{"0":[1],"1":[1],"2":[1]}}
,"/home/ishwargautam/Desktop/Assignments/Practitioner_Profile_Management/server/src/utils/error.ts": {"path":"/home/ishwargautam/Desktop/Assignments/Practitioner_Profile_Management/server/src/utils/error.ts","statementMap":{"0":{"start":{"line":1,"column":13},"end":{"line":41,"column":2}},"1":{"start":{"line":3,"column":4},"end":{"line":8,"column":6}},"2":{"start":{"line":11,"column":4},"end":{"line":16,"column":6}},"3":{"start":{"line":19,"column":4},"end":{"line":24,"column":6}},"4":{"start":{"line":27,"column":4},"end":{"line":32,"column":6}},"5":{"start":{"line":35,"column":4},"end":{"line":40,"column":6}},"6":{"start":{"line":43,"column":13},"end":{"line":61,"column":2}},"7":{"start":{"line":45,"column":4},"end":{"line":48,"column":6}},"8":{"start":{"line":51,"column":4},"end":{"line":54,"column":6}},"9":{"start":{"line":57,"column":4},"end":{"line":60,"column":6}}},"fnMap":{"0":{"name":"(anonymous_0)","decl":{"start":{"line":2,"column":11},"end":{"line":2,"column":12}},"loc":{"start":{"line":3,"column":4},"end":{"line":8,"column":6}}},"1":{"name":"(anonymous_1)","decl":{"start":{"line":10,"column":13},"end":{"line":10,"column":14}},"loc":{"start":{"line":11,"column":4},"end":{"line":16,"column":6}}},"2":{"name":"(anonymous_2)","decl":{"start":{"line":18,"column":12},"end":{"line":18,"column":13}},"loc":{"start":{"line":19,"column":4},"end":{"line":24,"column":6}}},"3":{"name":"(anonymous_3)","decl":{"start":{"line":26,"column":12},"end":{"line":26,"column":13}},"loc":{"start":{"line":27,"column":4},"end":{"line":32,"column":6}}},"4":{"name":"(anonymous_4)","decl":{"start":{"line":34,"column":14},"end":{"line":34,"column":15}},"loc":{"start":{"line":35,"column":4},"end":{"line":40,"column":6}}},"5":{"name":"(anonymous_5)","decl":{"start":{"line":44,"column":6},"end":{"line":44,"column":7}},"loc":{"start":{"line":45,"column":4},"end":{"line":48,"column":6}}},"6":{"name":"(anonymous_6)","decl":{"start":{"line":50,"column":11},"end":{"line":50,"column":12}},"loc":{"start":{"line":51,"column":4},"end":{"line":54,"column":6}}},"7":{"name":"(anonymous_7)","decl":{"start":{"line":56,"column":12},"end":{"line":56,"column":13}},"loc":{"start":{"line":57,"column":4},"end":{"line":60,"column":6}}}},"branchMap":{},"s":{"0":7,"1":1,"2":2,"3":1,"4":3,"5":0,"6":7,"7":4,"8":3,"9":2},"f":{"0":1,"1":2,"2":1,"3":3,"4":0,"5":4,"6":3,"7":2},"b":{}}
}
