TN:
SF:src/apiConfig.ts
FNF:0
FNH:0
DA:1,3
DA:2,3
DA:4,3
DA:6,3
DA:7,3
LF:5
LH:5
BRDA:3,0,0,3
BRDA:3,0,1,3
BRDA:5,1,0,3
BRDA:5,1,1,3
BRF:4
BRH:4
end_of_record
TN:
SF:src/models/practitioner.model.ts
FNF:0
FNH:0
DA:1,4
DA:3,4
DA:43,4
LF:3
LH:3
BRF:0
BRH:0
end_of_record
TN:
SF:src/models/user.model.ts
FNF:0
FNH:0
DA:1,2
DA:3,2
DA:21,2
LF:3
LH:3
BRF:0
BRH:0
end_of_record
TN:
SF:src/services/practitioner.service.ts
FN:22,(anonymous_0)
FN:66,(anonymous_1)
FN:81,(anonymous_2)
FN:98,(anonymous_3)
FN:153,(anonymous_4)
FNF:5
FNH:5
FNDA:2,(anonymous_0)
FNDA:1,(anonymous_1)
FNDA:1,(anonymous_2)
FNDA:2,(anonymous_3)
FNDA:1,(anonymous_4)
DA:1,4
DA:2,4
DA:22,4
DA:32,2
DA:34,2
DA:45,2
DA:46,2
DA:48,2
DA:49,1
DA:52,1
DA:54,1
DA:56,0
DA:66,4
DA:67,1
DA:68,1
DA:70,1
DA:72,0
DA:81,4
DA:82,1
DA:83,1
DA:85,1
DA:87,0
DA:98,4
DA:112,2
DA:114,2
DA:126,2
DA:127,2
DA:129,2
DA:134,1
DA:137,1
DA:141,1
DA:143,0
DA:153,4
DA:154,1
DA:155,1
DA:157,1
DA:159,0
LF:37
LH:32
BRDA:48,0,0,1
BRDA:129,1,0,1
BRDA:130,2,0,2
BRDA:130,2,1,1
BRDA:130,2,2,0
BRF:5
BRH:4
end_of_record
TN:
SF:src/services/user.service.ts
FN:22,(anonymous_1)
FN:66,(anonymous_2)
FNF:2
FNH:2
FNDA:3,(anonymous_1)
FNDA:2,(anonymous_2)
DA:1,2
DA:2,2
DA:3,2
DA:4,2
DA:5,2
DA:22,2
DA:23,3
DA:25,3
DA:26,3
DA:28,3
DA:29,1
DA:32,2
DA:34,2
DA:35,1
DA:38,1
DA:44,1
DA:50,1
DA:56,0
DA:66,2
DA:67,2
DA:69,2
DA:70,2
DA:72,2
DA:73,1
DA:76,1
DA:78,1
DA:84,1
DA:90,1
DA:96,1
DA:98,0
LF:30
LH:28
BRDA:28,0,0,1
BRDA:34,1,0,1
BRDA:72,2,0,1
BRF:3
BRH:3
end_of_record
TN:
SF:src/utils/error.ts
FN:2,(anonymous_0)
FN:11,(anonymous_1)
FN:20,(anonymous_2)
FN:29,(anonymous_3)
FN:38,(anonymous_4)
FN:49,(anonymous_5)
FN:56,(anonymous_6)
FN:63,(anonymous_7)
FNF:8
FNH:7
FNDA:1,(anonymous_0)
FNDA:2,(anonymous_1)
FNDA:1,(anonymous_2)
FNDA:3,(anonymous_3)
FNDA:0,(anonymous_4)
FNDA:4,(anonymous_5)
FNDA:3,(anonymous_6)
FNDA:2,(anonymous_7)
DA:1,7
DA:3,1
DA:12,2
DA:21,1
DA:30,3
DA:39,0
DA:48,7
DA:50,4
DA:57,3
DA:64,2
LF:10
LH:9
BRF:0
BRH:0
end_of_record
