TN:
SF:src/constant.ts
FNF:0
FNH:0
DA:1,3
DA:2,3
DA:4,3
DA:6,3
DA:7,3
LF:5
LH:5
BRDA:3,0,0,3
BRDA:3,0,1,3
BRDA:5,1,0,3
BRDA:5,1,1,3
BRF:4
BRH:4
end_of_record
TN:
SF:src/models/practitioner.model.ts
FNF:0
FNH:0
DA:1,4
DA:3,4
DA:43,4
LF:3
LH:3
BRF:0
BRH:0
end_of_record
TN:
SF:src/models/user.model.ts
FNF:0
FNH:0
DA:1,3
DA:3,3
DA:21,3
LF:3
LH:3
BRF:0
BRH:0
end_of_record
TN:
SF:src/services/practitioner.service.ts
FN:22,(anonymous_0)
FN:66,(anonymous_1)
FN:81,(anonymous_2)
FN:98,(anonymous_3)
FN:153,(anonymous_4)
FNF:5
FNH:5
FNDA:2,(anonymous_0)
FNDA:1,(anonymous_1)
FNDA:1,(anonymous_2)
FNDA:2,(anonymous_3)
FNDA:1,(anonymous_4)
DA:1,4
DA:2,4
DA:22,4
DA:32,2
DA:34,2
DA:45,2
DA:46,2
DA:48,2
DA:49,1
DA:52,1
DA:54,1
DA:56,0
DA:66,4
DA:67,1
DA:68,1
DA:70,1
DA:72,0
DA:81,4
DA:82,1
DA:83,1
DA:85,1
DA:87,0
DA:98,4
DA:112,2
DA:114,2
DA:126,2
DA:127,2
DA:129,2
DA:134,1
DA:137,1
DA:141,1
DA:143,0
DA:153,4
DA:154,1
DA:155,1
DA:157,1
DA:159,0
LF:37
LH:32
BRDA:48,0,0,1
BRDA:129,1,0,1
BRDA:130,2,0,2
BRDA:130,2,1,1
BRDA:130,2,2,0
BRF:5
BRH:4
end_of_record
TN:
SF:src/services/user.service.ts
FN:19,(anonymous_1)
FN:61,(anonymous_2)
FN:105,(anonymous_3)
FN:117,(anonymous_4)
FNF:4
FNH:3
FNDA:3,(anonymous_1)
FNDA:2,(anonymous_2)
FNDA:2,(anonymous_3)
FNDA:0,(anonymous_4)
DA:1,3
DA:2,3
DA:3,3
DA:4,3
DA:5,3
DA:19,3
DA:20,3
DA:22,3
DA:23,3
DA:25,3
DA:26,1
DA:29,2
DA:31,2
DA:32,1
DA:35,1
DA:41,1
DA:47,1
DA:51,0
DA:61,3
DA:62,2
DA:64,2
DA:65,2
DA:67,2
DA:68,1
DA:71,1
DA:73,1
DA:79,1
DA:85,1
DA:91,1
DA:95,0
DA:105,3
DA:114,2
DA:118,0
DA:122,2
DA:123,1
DA:131,1
DA:133,1
LF:37
LH:34
BRDA:25,0,0,1
BRDA:31,1,0,1
BRDA:67,2,0,1
BRDA:122,3,0,1
BRDA:122,3,1,1
BRF:5
BRH:5
end_of_record
TN:
SF:src/utils/error.ts
FN:2,(anonymous_0)
FN:10,(anonymous_1)
FN:18,(anonymous_2)
FN:26,(anonymous_3)
FN:34,(anonymous_4)
FN:44,(anonymous_5)
FN:50,(anonymous_6)
FN:56,(anonymous_7)
FNF:8
FNH:7
FNDA:1,(anonymous_0)
FNDA:1,(anonymous_1)
FNDA:1,(anonymous_2)
FNDA:3,(anonymous_3)
FNDA:0,(anonymous_4)
FNDA:3,(anonymous_5)
FNDA:3,(anonymous_6)
FNDA:2,(anonymous_7)
DA:1,7
DA:3,1
DA:11,1
DA:19,1
DA:27,3
DA:35,0
DA:43,7
DA:45,3
DA:51,3
DA:57,2
LF:10
LH:9
BRF:0
BRH:0
end_of_record
