{"/home/ishwargautam/Desktop/Assignments/Practitioner_Profile_Management/client/src/assets/img1.jpg": {"path":"/home/ishwargautam/Desktop/Assignments/Practitioner_Profile_Management/client/src/assets/img1.jpg","statementMap":{"0":{"start":{"line":1,"column":0},"end":{"line":1,"column":19}}},"fnMap":{},"branchMap":{},"s":{"0":2},"f":{},"b":{},"_coverageSchema":"1a1c01bbd47fc00a2c39e90264f33305004495a9","hash":"67be403245c6f22680fe914fb5d4e80d39f0080c"}
,"/home/ishwargautam/Desktop/Assignments/Practitioner_Profile_Management/client/src/assets/img2.jpg": {"path":"/home/ishwargautam/Desktop/Assignments/Practitioner_Profile_Management/client/src/assets/img2.jpg","statementMap":{"0":{"start":{"line":1,"column":0},"end":{"line":1,"column":19}}},"fnMap":{},"branchMap":{},"s":{"0":1},"f":{},"b":{},"_coverageSchema":"1a1c01bbd47fc00a2c39e90264f33305004495a9","hash":"bee74ed01b5e089dfeddae8cdd308c334a0894c5"}
,"/home/ishwargautam/Desktop/Assignments/Practitioner_Profile_Management/client/src/components/Form/PractitionerForm.module.css": {"path":"/home/ishwargautam/Desktop/Assignments/Practitioner_Profile_Management/client/src/components/Form/PractitionerForm.module.css","statementMap":{"0":{"start":{"line":1,"column":0},"end":{"line":1,"column":19}}},"fnMap":{},"branchMap":{},"s":{"0":1},"f":{},"b":{},"_coverageSchema":"1a1c01bbd47fc00a2c39e90264f33305004495a9","hash":"499b3c150a0bcec552b095b19103ac1b7b6fdc32"}
,"/home/ishwargautam/Desktop/Assignments/Practitioner_Profile_Management/client/src/components/Form/PractitionerForm.tsx": {"path":"/home/ishwargautam/Desktop/Assignments/Practitioner_Profile_Management/client/src/components/Form/PractitionerForm.tsx","statementMap":{"0":{"start":{"line":1,"column":0},"end":{"line":1,"column":26}},"1":{"start":{"line":2,"column":0},"end":{"line":2,"column":38}},"2":{"start":{"line":3,"column":0},"end":{"line":3,"column":36}},"3":{"start":{"line":4,"column":0},"end":{"line":4,"column":42}},"4":{"start":{"line":5,"column":0},"end":{"line":5,"column":42}},"5":{"start":{"line":6,"column":0},"end":{"line":6,"column":42}},"6":{"start":{"line":7,"column":0},"end":{"line":7,"column":44}},"7":{"start":{"line":8,"column":0},"end":{"line":8,"column":52}},"8":{"start":{"line":9,"column":0},"end":{"line":9,"column":57}},"9":{"start":{"line":10,"column":0},"end":{"line":10,"column":61}},"10":{"start":{"line":11,"column":0},"end":{"line":11,"column":68}},"11":{"start":{"line":18,"column":18},"end":{"line":18,"column":30}},"12":{"start":{"line":19,"column":19},"end":{"line":19,"column":23}},"13":{"start":{"line":21,"column":34},"end":{"line":21,"column":49}},"14":{"start":{"line":22,"column":28},"end":{"line":22,"column":55}},"15":{"start":{"line":23,"column":46},"end":{"line":23,"column":61}},"16":{"start":{"line":24,"column":31},"end":{"line":24,"column":61}},"17":{"start":{"line":26,"column":30},"end":{"line":26,"column":71}},"18":{"start":{"line":28,"column":23},"end":{"line":36,"column":4}},"19":{"start":{"line":38,"column":54},"end":{"line":38,"column":76}},"20":{"start":{"line":45,"column":6},"end":{"line":45,"column":15}},"21":{"start":{"line":47,"column":2},"end":{"line":65,"column":24}},"22":{"start":{"line":48,"column":4},"end":{"line":64,"column":null}},"23":{"start":{"line":49,"column":6},"end":{"line":49,"column":25}},"24":{"start":{"line":50,"column":6},"end":{"line":60,"column":11}},"25":{"start":{"line":53,"column":10},"end":{"line":53,"column":50}},"26":{"start":{"line":56,"column":10},"end":{"line":56,"column":53}},"27":{"start":{"line":59,"column":10},"end":{"line":59,"column":30}},"28":{"start":{"line":62,"column":6},"end":{"line":62,"column":42}},"29":{"start":{"line":63,"column":6},"end":{"line":63,"column":32}},"30":{"start":{"line":67,"column":19},"end":{"line":91,"column":3}},"31":{"start":{"line":68,"column":4},"end":{"line":90,"column":null}},"32":{"start":{"line":69,"column":6},"end":{"line":69,"column":25}},"33":{"start":{"line":71,"column":24},"end":{"line":71,"column":38}},"34":{"start":{"line":73,"column":6},"end":{"line":73,"column":38}},"35":{"start":{"line":74,"column":6},"end":{"line":74,"column":75}},"36":{"start":{"line":76,"column":6},"end":{"line":87,"column":11}},"37":{"start":{"line":82,"column":10},"end":{"line":82,"column":70}},"38":{"start":{"line":84,"column":26},"end":{"line":84,"column":44}},"39":{"start":{"line":86,"column":10},"end":{"line":86,"column":30}},"40":{"start":{"line":89,"column":6},"end":{"line":89,"column":35}},"41":{"start":{"line":93,"column":33},"end":{"line":127,"column":3}},"42":{"start":{"line":94,"column":4},"end":{"line":126,"column":null}},"43":{"start":{"line":95,"column":6},"end":{"line":109,"column":11}},"44":{"start":{"line":98,"column":10},"end":{"line":98,"column":43}},"45":{"start":{"line":101,"column":10},"end":{"line":108,"column":null}},"46":{"start":{"line":102,"column":12},"end":{"line":105,"column":14}},"47":{"start":{"line":107,"column":12},"end":{"line":107,"column":60}},"48":{"start":{"line":111,"column":6},"end":{"line":125,"column":11}},"49":{"start":{"line":114,"column":10},"end":{"line":114,"column":43}},"50":{"start":{"line":117,"column":10},"end":{"line":124,"column":null}},"51":{"start":{"line":118,"column":12},"end":{"line":121,"column":14}},"52":{"start":{"line":123,"column":12},"end":{"line":123,"column":60}},"53":{"start":{"line":129,"column":34},"end":{"line":138,"column":3}},"54":{"start":{"line":130,"column":23},"end":{"line":130,"column":63}},"55":{"start":{"line":132,"column":4},"end":{"line":137,"column":null}},"56":{"start":{"line":133,"column":6},"end":{"line":133,"column":21}},"57":{"start":{"line":134,"column":6},"end":{"line":134,"column":30}},"58":{"start":{"line":136,"column":6},"end":{"line":136,"column":73}},"59":{"start":{"line":140,"column":2},"end":{"line":350,"column":4}},"60":{"start":{"line":335,"column":20},"end":{"line":335,"column":80}},"61":{"start":{"line":17,"column":0},"end":{"line":17,"column":24}}},"fnMap":{"0":{"name":"PractitionerForm","decl":{"start":{"line":17,"column":24},"end":{"line":17,"column":40}},"loc":{"start":{"line":17,"column":40},"end":{"line":351,"column":1}}},"1":{"name":"(anonymous_1)","decl":{"start":{"line":47,"column":12},"end":{"line":47,"column":15}},"loc":{"start":{"line":47,"column":17},"end":{"line":65,"column":3}}},"2":{"name":"(anonymous_2)","decl":{"start":{"line":52,"column":14},"end":{"line":52,"column":15}},"loc":{"start":{"line":52,"column":27},"end":{"line":54,"column":9}}},"3":{"name":"(anonymous_3)","decl":{"start":{"line":55,"column":15},"end":{"line":55,"column":18}},"loc":{"start":{"line":55,"column":20},"end":{"line":57,"column":9}}},"4":{"name":"(anonymous_4)","decl":{"start":{"line":58,"column":17},"end":{"line":58,"column":20}},"loc":{"start":{"line":58,"column":22},"end":{"line":60,"column":9}}},"5":{"name":"(anonymous_5)","decl":{"start":{"line":67,"column":19},"end":{"line":67,"column":20}},"loc":{"start":{"line":67,"column":36},"end":{"line":91,"column":3}}},"6":{"name":"(anonymous_6)","decl":{"start":{"line":81,"column":14},"end":{"line":81,"column":15}},"loc":{"start":{"line":81,"column":22},"end":{"line":83,"column":9}}},"7":{"name":"(anonymous_7)","decl":{"start":{"line":84,"column":15},"end":{"line":84,"column":16}},"loc":{"start":{"line":84,"column":26},"end":{"line":84,"column":44}}},"8":{"name":"(anonymous_8)","decl":{"start":{"line":85,"column":17},"end":{"line":85,"column":20}},"loc":{"start":{"line":85,"column":22},"end":{"line":87,"column":9}}},"9":{"name":"(anonymous_9)","decl":{"start":{"line":93,"column":33},"end":{"line":93,"column":34}},"loc":{"start":{"line":93,"column":50},"end":{"line":127,"column":3}}},"10":{"name":"(anonymous_10)","decl":{"start":{"line":97,"column":14},"end":{"line":97,"column":17}},"loc":{"start":{"line":97,"column":19},"end":{"line":99,"column":9}}},"11":{"name":"(anonymous_11)","decl":{"start":{"line":100,"column":15},"end":{"line":100,"column":16}},"loc":{"start":{"line":100,"column":25},"end":{"line":109,"column":9}}},"12":{"name":"(anonymous_12)","decl":{"start":{"line":113,"column":14},"end":{"line":113,"column":17}},"loc":{"start":{"line":113,"column":19},"end":{"line":115,"column":9}}},"13":{"name":"(anonymous_13)","decl":{"start":{"line":116,"column":15},"end":{"line":116,"column":16}},"loc":{"start":{"line":116,"column":25},"end":{"line":125,"column":9}}},"14":{"name":"(anonymous_14)","decl":{"start":{"line":129,"column":34},"end":{"line":129,"column":35}},"loc":{"start":{"line":129,"column":66},"end":{"line":138,"column":3}}},"15":{"name":"(anonymous_15)","decl":{"start":{"line":334,"column":28},"end":{"line":334,"column":29}},"loc":{"start":{"line":335,"column":20},"end":{"line":335,"column":80}}}},"branchMap":{"0":{"loc":{"start":{"line":48,"column":4},"end":{"line":64,"column":null}},"type":"if","locations":[{"start":{"line":48,"column":4},"end":{"line":64,"column":null}},{"start":{"line":61,"column":11},"end":{"line":64,"column":null}}]},"1":{"loc":{"start":{"line":68,"column":4},"end":{"line":90,"column":null}},"type":"if","locations":[{"start":{"line":68,"column":4},"end":{"line":90,"column":null}},{"start":{"line":88,"column":11},"end":{"line":90,"column":null}}]},"2":{"loc":{"start":{"line":94,"column":4},"end":{"line":126,"column":null}},"type":"if","locations":[{"start":{"line":94,"column":4},"end":{"line":126,"column":null}},{"start":{"line":110,"column":11},"end":{"line":126,"column":null}}]},"3":{"loc":{"start":{"line":101,"column":10},"end":{"line":108,"column":null}},"type":"if","locations":[{"start":{"line":101,"column":10},"end":{"line":108,"column":null}},{"start":{"line":106,"column":17},"end":{"line":108,"column":null}}]},"4":{"loc":{"start":{"line":117,"column":10},"end":{"line":124,"column":null}},"type":"if","locations":[{"start":{"line":117,"column":10},"end":{"line":124,"column":null}},{"start":{"line":122,"column":17},"end":{"line":124,"column":null}}]},"5":{"loc":{"start":{"line":132,"column":4},"end":{"line":137,"column":null}},"type":"if","locations":[{"start":{"line":132,"column":4},"end":{"line":137,"column":null}},{"start":{"line":135,"column":11},"end":{"line":137,"column":null}}]},"6":{"loc":{"start":{"line":132,"column":8},"end":{"line":132,"column":46}},"type":"binary-expr","locations":[{"start":{"line":132,"column":8},"end":{"line":132,"column":12}},{"start":{"line":132,"column":16},"end":{"line":132,"column":46}}]},"7":{"loc":{"start":{"line":143,"column":7},"end":{"line":143,"column":53}},"type":"binary-expr","locations":[{"start":{"line":143,"column":7},"end":{"line":143,"column":14}},{"start":{"line":143,"column":18},"end":{"line":143,"column":53}}]},"8":{"loc":{"start":{"line":144,"column":7},"end":{"line":347,"column":null}},"type":"binary-expr","locations":[{"start":{"line":144,"column":7},"end":{"line":144,"column":15}},{"start":{"line":145,"column":8},"end":{"line":346,"column":null}}]},"9":{"loc":{"start":{"line":147,"column":17},"end":{"line":147,"column":55}},"type":"cond-expr","locations":[{"start":{"line":147,"column":35},"end":{"line":147,"column":42}},{"start":{"line":147,"column":45},"end":{"line":147,"column":55}}]},"10":{"loc":{"start":{"line":149,"column":15},"end":{"line":151,"column":57}},"type":"cond-expr","locations":[{"start":{"line":150,"column":18},"end":{"line":150,"column":54}},{"start":{"line":151,"column":18},"end":{"line":151,"column":57}}]},"11":{"loc":{"start":{"line":159,"column":15},"end":{"line":177,"column":null}},"type":"binary-expr","locations":[{"start":{"line":159,"column":16},"end":{"line":159,"column":43}},{"start":{"line":159,"column":47},"end":{"line":159,"column":63}},{"start":{"line":160,"column":16},"end":{"line":176,"column":null}}]},"12":{"loc":{"start":{"line":180,"column":15},"end":{"line":181,"column":null}},"type":"binary-expr","locations":[{"start":{"line":180,"column":15},"end":{"line":180,"column":51}},{"start":{"line":181,"column":16},"end":{"line":181,"column":74}}]},"13":{"loc":{"start":{"line":184,"column":15},"end":{"line":187,"column":null}},"type":"binary-expr","locations":[{"start":{"line":184,"column":15},"end":{"line":184,"column":39}},{"start":{"line":185,"column":16},"end":{"line":186,"column":null}}]},"14":{"loc":{"start":{"line":190,"column":15},"end":{"line":193,"column":null}},"type":"binary-expr","locations":[{"start":{"line":190,"column":15},"end":{"line":190,"column":52}},{"start":{"line":191,"column":16},"end":{"line":191,"column":null}}]},"15":{"loc":{"start":{"line":196,"column":15},"end":{"line":209,"column":null}},"type":"binary-expr","locations":[{"start":{"line":196,"column":16},"end":{"line":196,"column":40}},{"start":{"line":196,"column":44},"end":{"line":196,"column":60}},{"start":{"line":197,"column":16},"end":{"line":208,"column":null}}]},"16":{"loc":{"start":{"line":212,"column":15},"end":{"line":213,"column":null}},"type":"binary-expr","locations":[{"start":{"line":212,"column":15},"end":{"line":212,"column":48}},{"start":{"line":213,"column":16},"end":{"line":213,"column":75}}]},"17":{"loc":{"start":{"line":215,"column":15},"end":{"line":218,"column":null}},"type":"binary-expr","locations":[{"start":{"line":215,"column":15},"end":{"line":215,"column":36}},{"start":{"line":216,"column":16},"end":{"line":217,"column":null}}]},"18":{"loc":{"start":{"line":221,"column":15},"end":{"line":234,"column":null}},"type":"binary-expr","locations":[{"start":{"line":221,"column":16},"end":{"line":221,"column":42}},{"start":{"line":221,"column":46},"end":{"line":221,"column":62}},{"start":{"line":222,"column":16},"end":{"line":233,"column":null}}]},"19":{"loc":{"start":{"line":237,"column":15},"end":{"line":240,"column":null}},"type":"binary-expr","locations":[{"start":{"line":237,"column":15},"end":{"line":237,"column":51}},{"start":{"line":238,"column":16},"end":{"line":238,"column":null}}]},"20":{"loc":{"start":{"line":243,"column":15},"end":{"line":246,"column":null}},"type":"binary-expr","locations":[{"start":{"line":243,"column":15},"end":{"line":243,"column":50}},{"start":{"line":244,"column":16},"end":{"line":244,"column":null}}]},"21":{"loc":{"start":{"line":249,"column":15},"end":{"line":260,"column":null}},"type":"binary-expr","locations":[{"start":{"line":249,"column":16},"end":{"line":249,"column":38}},{"start":{"line":249,"column":42},"end":{"line":249,"column":58}},{"start":{"line":250,"column":16},"end":{"line":259,"column":null}}]},"22":{"loc":{"start":{"line":263,"column":15},"end":{"line":266,"column":null}},"type":"binary-expr","locations":[{"start":{"line":263,"column":15},"end":{"line":263,"column":46}},{"start":{"line":264,"column":16},"end":{"line":264,"column":null}}]},"23":{"loc":{"start":{"line":269,"column":15},"end":{"line":283,"column":null}},"type":"binary-expr","locations":[{"start":{"line":269,"column":16},"end":{"line":269,"column":46}},{"start":{"line":269,"column":50},"end":{"line":269,"column":66}},{"start":{"line":270,"column":16},"end":{"line":282,"column":null}}]},"24":{"loc":{"start":{"line":286,"column":15},"end":{"line":289,"column":null}},"type":"binary-expr","locations":[{"start":{"line":286,"column":15},"end":{"line":286,"column":54}},{"start":{"line":287,"column":16},"end":{"line":287,"column":null}}]},"25":{"loc":{"start":{"line":292,"column":15},"end":{"line":303,"column":null}},"type":"binary-expr","locations":[{"start":{"line":292,"column":16},"end":{"line":292,"column":44}},{"start":{"line":292,"column":48},"end":{"line":292,"column":64}},{"start":{"line":293,"column":16},"end":{"line":302,"column":null}}]},"26":{"loc":{"start":{"line":306,"column":15},"end":{"line":307,"column":null}},"type":"binary-expr","locations":[{"start":{"line":306,"column":15},"end":{"line":306,"column":52}},{"start":{"line":307,"column":16},"end":{"line":307,"column":80}}]},"27":{"loc":{"start":{"line":310,"column":15},"end":{"line":321,"column":null}},"type":"binary-expr","locations":[{"start":{"line":310,"column":16},"end":{"line":310,"column":42}},{"start":{"line":310,"column":46},"end":{"line":310,"column":62}},{"start":{"line":311,"column":16},"end":{"line":320,"column":null}}]},"28":{"loc":{"start":{"line":324,"column":15},"end":{"line":325,"column":null}},"type":"binary-expr","locations":[{"start":{"line":324,"column":15},"end":{"line":324,"column":50}},{"start":{"line":325,"column":16},"end":{"line":325,"column":78}}]},"29":{"loc":{"start":{"line":335,"column":44},"end":{"line":335,"column":79}},"type":"binary-expr","locations":[{"start":{"line":335,"column":44},"end":{"line":335,"column":58}},{"start":{"line":335,"column":62},"end":{"line":335,"column":79}}]},"30":{"loc":{"start":{"line":340,"column":17},"end":{"line":340,"column":49}},"type":"cond-expr","locations":[{"start":{"line":340,"column":35},"end":{"line":340,"column":41}},{"start":{"line":340,"column":44},"end":{"line":340,"column":49}}]}},"s":{"0":1,"1":1,"2":1,"3":1,"4":1,"5":1,"6":1,"7":1,"8":1,"9":1,"10":1,"11":7,"12":7,"13":7,"14":6,"15":6,"16":6,"17":6,"18":6,"19":6,"20":6,"21":6,"22":3,"23":0,"24":0,"25":0,"26":0,"27":0,"28":3,"29":3,"30":6,"31":1,"32":0,"33":0,"34":0,"35":0,"36":0,"37":0,"38":0,"39":0,"40":1,"41":6,"42":1,"43":0,"44":0,"45":0,"46":0,"47":0,"48":1,"49":0,"50":0,"51":0,"52":0,"53":6,"54":0,"55":0,"56":0,"57":0,"58":0,"59":6,"60":0,"61":1},"f":{"0":7,"1":3,"2":0,"3":0,"4":0,"5":1,"6":0,"7":0,"8":0,"9":1,"10":0,"11":0,"12":0,"13":0,"14":0,"15":0},"b":{"0":[0,3],"1":[0,1],"2":[0,1],"3":[0,0],"4":[0,0],"5":[0,0],"6":[0,0],"7":[6,0],"8":[6,6],"9":[0,6],"10":[0,6],"11":[6,6,6],"12":[6,0],"13":[6,0],"14":[6,0],"15":[6,6,6],"16":[6,0],"17":[6,0],"18":[6,6,6],"19":[6,0],"20":[6,0],"21":[6,6,6],"22":[6,0],"23":[6,6,6],"24":[6,0],"25":[6,6,6],"26":[6,0],"27":[6,6,6],"28":[6,0],"29":[0,0],"30":[0,6]}}
,"/home/ishwargautam/Desktop/Assignments/Practitioner_Profile_Management/client/src/components/Form/SignInForm.tsx": {"path":"/home/ishwargautam/Desktop/Assignments/Practitioner_Profile_Management/client/src/components/Form/SignInForm.tsx","statementMap":{"0":{"start":{"line":1,"column":0},"end":{"line":1,"column":42}},"1":{"start":{"line":2,"column":0},"end":{"line":2,"column":42}},"2":{"start":{"line":3,"column":0},"end":{"line":3,"column":52}},"3":{"start":{"line":4,"column":0},"end":{"line":4,"column":57}},"4":{"start":{"line":19,"column":6},"end":{"line":19,"column":15}},"5":{"start":{"line":21,"column":42},"end":{"line":21,"column":60}},"6":{"start":{"line":23,"column":19},"end":{"line":27,"column":3}},"7":{"start":{"line":24,"column":29},"end":{"line":24,"column":58}},"8":{"start":{"line":26,"column":4},"end":{"line":26,"column":34}},"9":{"start":{"line":29,"column":2},"end":{"line":73,"column":4}},"10":{"start":{"line":14,"column":0},"end":{"line":14,"column":24}}},"fnMap":{"0":{"name":"Form","decl":{"start":{"line":14,"column":24},"end":{"line":14,"column":28}},"loc":{"start":{"line":14,"column":44},"end":{"line":74,"column":1}}},"1":{"name":"(anonymous_1)","decl":{"start":{"line":23,"column":19},"end":{"line":23,"column":24}},"loc":{"start":{"line":23,"column":42},"end":{"line":27,"column":3}}}},"branchMap":{"0":{"loc":{"start":{"line":48,"column":13},"end":{"line":49,"column":null}},"type":"binary-expr","locations":[{"start":{"line":48,"column":13},"end":{"line":48,"column":46}},{"start":{"line":49,"column":14},"end":{"line":49,"column":64}}]},"1":{"loc":{"start":{"line":58,"column":13},"end":{"line":58,"column":77}},"type":"binary-expr","locations":[{"start":{"line":58,"column":13},"end":{"line":58,"column":25}},{"start":{"line":58,"column":29},"end":{"line":58,"column":77}}]}},"s":{"0":1,"1":1,"2":1,"3":1,"4":7,"5":6,"6":6,"7":1,"8":1,"9":6,"10":1},"f":{"0":7,"1":1},"b":{"0":[6,0],"1":[6,0]}}
,"/home/ishwargautam/Desktop/Assignments/Practitioner_Profile_Management/client/src/components/Form/SignUpForm.tsx": {"path":"/home/ishwargautam/Desktop/Assignments/Practitioner_Profile_Management/client/src/components/Form/SignUpForm.tsx","statementMap":{"0":{"start":{"line":1,"column":0},"end":{"line":1,"column":42}},"1":{"start":{"line":2,"column":0},"end":{"line":2,"column":42}},"2":{"start":{"line":3,"column":0},"end":{"line":3,"column":52}},"3":{"start":{"line":4,"column":0},"end":{"line":4,"column":57}},"4":{"start":{"line":5,"column":0},"end":{"line":5,"column":68}},"5":{"start":{"line":21,"column":6},"end":{"line":21,"column":15}},"6":{"start":{"line":23,"column":42},"end":{"line":23,"column":60}},"7":{"start":{"line":25,"column":19},"end":{"line":29,"column":3}},"8":{"start":{"line":26,"column":29},"end":{"line":26,"column":58}},"9":{"start":{"line":28,"column":4},"end":{"line":28,"column":34}},"10":{"start":{"line":31,"column":2},"end":{"line":138,"column":4}},"11":{"start":{"line":109,"column":18},"end":{"line":111,"column":null}},"12":{"start":{"line":110,"column":20},"end":{"line":110,"column":56}},"13":{"start":{"line":15,"column":0},"end":{"line":15,"column":24}}},"fnMap":{"0":{"name":"Form","decl":{"start":{"line":15,"column":24},"end":{"line":15,"column":28}},"loc":{"start":{"line":15,"column":44},"end":{"line":139,"column":1}}},"1":{"name":"(anonymous_1)","decl":{"start":{"line":25,"column":19},"end":{"line":25,"column":24}},"loc":{"start":{"line":25,"column":42},"end":{"line":29,"column":3}}},"2":{"name":"(anonymous_2)","decl":{"start":{"line":108,"column":26},"end":{"line":108,"column":27}},"loc":{"start":{"line":108,"column":42},"end":{"line":112,"column":17}}}},"branchMap":{"0":{"loc":{"start":{"line":58,"column":13},"end":{"line":59,"column":null}},"type":"binary-expr","locations":[{"start":{"line":58,"column":13},"end":{"line":58,"column":49}},{"start":{"line":59,"column":14},"end":{"line":59,"column":68}}]},"1":{"loc":{"start":{"line":61,"column":13},"end":{"line":64,"column":null}},"type":"binary-expr","locations":[{"start":{"line":61,"column":13},"end":{"line":61,"column":37}},{"start":{"line":62,"column":14},"end":{"line":63,"column":null}}]},"2":{"loc":{"start":{"line":66,"column":13},"end":{"line":67,"column":null}},"type":"binary-expr","locations":[{"start":{"line":66,"column":13},"end":{"line":66,"column":50}},{"start":{"line":67,"column":14},"end":{"line":67,"column":73}}]},"3":{"loc":{"start":{"line":79,"column":13},"end":{"line":80,"column":null}},"type":"binary-expr","locations":[{"start":{"line":79,"column":13},"end":{"line":79,"column":46}},{"start":{"line":80,"column":14},"end":{"line":80,"column":64}}]},"4":{"loc":{"start":{"line":83,"column":13},"end":{"line":84,"column":null}},"type":"binary-expr","locations":[{"start":{"line":83,"column":13},"end":{"line":83,"column":34}},{"start":{"line":84,"column":14},"end":{"line":84,"column":80}}]},"5":{"loc":{"start":{"line":95,"column":13},"end":{"line":96,"column":null}},"type":"binary-expr","locations":[{"start":{"line":95,"column":13},"end":{"line":95,"column":49}},{"start":{"line":96,"column":14},"end":{"line":96,"column":67}}]},"6":{"loc":{"start":{"line":98,"column":13},"end":{"line":101,"column":null}},"type":"binary-expr","locations":[{"start":{"line":98,"column":13},"end":{"line":98,"column":50}},{"start":{"line":99,"column":14},"end":{"line":99,"column":null}}]},"7":{"loc":{"start":{"line":109,"column":18},"end":{"line":111,"column":null}},"type":"if","locations":[{"start":{"line":109,"column":18},"end":{"line":111,"column":null}}]},"8":{"loc":{"start":{"line":116,"column":13},"end":{"line":119,"column":null}},"type":"binary-expr","locations":[{"start":{"line":116,"column":13},"end":{"line":116,"column":35}},{"start":{"line":117,"column":14},"end":{"line":118,"column":null}}]},"9":{"loc":{"start":{"line":123,"column":13},"end":{"line":123,"column":77}},"type":"binary-expr","locations":[{"start":{"line":123,"column":13},"end":{"line":123,"column":25}},{"start":{"line":123,"column":29},"end":{"line":123,"column":77}}]}},"s":{"0":1,"1":1,"2":1,"3":1,"4":1,"5":5,"6":4,"7":4,"8":0,"9":0,"10":4,"11":0,"12":0,"13":1},"f":{"0":5,"1":0,"2":0},"b":{"0":[4,0],"1":[4,0],"2":[4,0],"3":[4,0],"4":[4,1],"5":[4,0],"6":[4,0],"7":[0],"8":[4,1],"9":[4,0]}}
,"/home/ishwargautam/Desktop/Assignments/Practitioner_Profile_Management/client/src/utils/constant.ts": {"path":"/home/ishwargautam/Desktop/Assignments/Practitioner_Profile_Management/client/src/utils/constant.ts","statementMap":{"0":{"start":{"line":1,"column":13},"end":{"line":1,"column":49}}},"fnMap":{},"branchMap":{},"s":{"0":3},"f":{},"b":{}}
,"/home/ishwargautam/Desktop/Assignments/Practitioner_Profile_Management/client/src/utils/emailValidation.ts": {"path":"/home/ishwargautam/Desktop/Assignments/Practitioner_Profile_Management/client/src/utils/emailValidation.ts","statementMap":{"0":{"start":{"line":1,"column":21},"end":{"line":4,"column":null}},"1":{"start":{"line":3,"column":2},"end":{"line":4,"column":null}},"2":{"start":{"line":7,"column":37},"end":{"line":13,"column":1}},"3":{"start":{"line":8,"column":18},"end":{"line":8,"column":37}},"4":{"start":{"line":10,"column":2},"end":{"line":12,"column":null}},"5":{"start":{"line":11,"column":4},"end":{"line":11,"column":43}},"6":{"start":{"line":7,"column":13},"end":{"line":7,"column":37}}},"fnMap":{"0":{"name":"(anonymous_0)","decl":{"start":{"line":1,"column":21},"end":{"line":1,"column":22}},"loc":{"start":{"line":3,"column":2},"end":{"line":4,"column":null}}},"1":{"name":"(anonymous_1)","decl":{"start":{"line":7,"column":37},"end":{"line":7,"column":38}},"loc":{"start":{"line":7,"column":55},"end":{"line":13,"column":1}}}},"branchMap":{"0":{"loc":{"start":{"line":10,"column":2},"end":{"line":12,"column":null}},"type":"if","locations":[{"start":{"line":10,"column":2},"end":{"line":12,"column":null}}]}},"s":{"0":3,"1":9,"2":3,"3":9,"4":9,"5":6,"6":3},"f":{"0":9,"1":9},"b":{"0":[6]}}
,"/home/ishwargautam/Desktop/Assignments/Practitioner_Profile_Management/client/src/utils/label.tsx": {"path":"/home/ishwargautam/Desktop/Assignments/Practitioner_Profile_Management/client/src/utils/label.tsx","statementMap":{"0":{"start":{"line":2,"column":2},"end":{"line":7,"column":4}},"1":{"start":{"line":1,"column":0},"end":{"line":1,"column":24}}},"fnMap":{"0":{"name":"label","decl":{"start":{"line":1,"column":24},"end":{"line":1,"column":29}},"loc":{"start":{"line":1,"column":61},"end":{"line":8,"column":1}}}},"branchMap":{"0":{"loc":{"start":{"line":1,"column":45},"end":{"line":1,"column":61}},"type":"default-arg","locations":[{"start":{"line":1,"column":56},"end":{"line":1,"column":61}}]},"1":{"loc":{"start":{"line":5,"column":7},"end":{"line":5,"column":58}},"type":"binary-expr","locations":[{"start":{"line":5,"column":7},"end":{"line":5,"column":15}},{"start":{"line":5,"column":19},"end":{"line":5,"column":58}}]}},"s":{"0":48,"1":1},"f":{"0":48},"b":{"0":[6],"1":[48,42]}}
}
