{"/home/ishwargautam/Desktop/Assignments/Practitioner_Profile_Management/client/src/assets/img1.jpg": {"path":"/home/ishwargautam/Desktop/Assignments/Practitioner_Profile_Management/client/src/assets/img1.jpg","statementMap":{"0":{"start":{"line":1,"column":0},"end":{"line":1,"column":19}}},"fnMap":{},"branchMap":{},"s":{"0":2},"f":{},"b":{},"_coverageSchema":"1a1c01bbd47fc00a2c39e90264f33305004495a9","hash":"67be403245c6f22680fe914fb5d4e80d39f0080c"}
,"/home/ishwargautam/Desktop/Assignments/Practitioner_Profile_Management/client/src/assets/img2.jpg": {"path":"/home/ishwargautam/Desktop/Assignments/Practitioner_Profile_Management/client/src/assets/img2.jpg","statementMap":{"0":{"start":{"line":1,"column":0},"end":{"line":1,"column":19}}},"fnMap":{},"branchMap":{},"s":{"0":1},"f":{},"b":{},"_coverageSchema":"1a1c01bbd47fc00a2c39e90264f33305004495a9","hash":"bee74ed01b5e089dfeddae8cdd308c334a0894c5"}
,"/home/ishwargautam/Desktop/Assignments/Practitioner_Profile_Management/client/src/components/Form/PractitionerForm.module.css": {"path":"/home/ishwargautam/Desktop/Assignments/Practitioner_Profile_Management/client/src/components/Form/PractitionerForm.module.css","statementMap":{"0":{"start":{"line":1,"column":0},"end":{"line":1,"column":19}}},"fnMap":{},"branchMap":{},"s":{"0":1},"f":{},"b":{},"_coverageSchema":"1a1c01bbd47fc00a2c39e90264f33305004495a9","hash":"499b3c150a0bcec552b095b19103ac1b7b6fdc32"}
,"/home/ishwargautam/Desktop/Assignments/Practitioner_Profile_Management/client/src/components/Form/PractitionerForm.tsx": {"path":"/home/ishwargautam/Desktop/Assignments/Practitioner_Profile_Management/client/src/components/Form/PractitionerForm.tsx","statementMap":{"0":{"start":{"line":1,"column":0},"end":{"line":1,"column":38}},"1":{"start":{"line":2,"column":0},"end":{"line":2,"column":42}},"2":{"start":{"line":3,"column":0},"end":{"line":3,"column":42}},"3":{"start":{"line":4,"column":0},"end":{"line":4,"column":42}},"4":{"start":{"line":5,"column":0},"end":{"line":5,"column":44}},"5":{"start":{"line":6,"column":0},"end":{"line":6,"column":52}},"6":{"start":{"line":7,"column":0},"end":{"line":7,"column":57}},"7":{"start":{"line":8,"column":0},"end":{"line":8,"column":61}},"8":{"start":{"line":9,"column":0},"end":{"line":9,"column":65}},"9":{"start":{"line":10,"column":0},"end":{"line":10,"column":68}},"10":{"start":{"line":11,"column":0},"end":{"line":11,"column":null}},"11":{"start":{"line":22,"column":18},"end":{"line":22,"column":30}},"12":{"start":{"line":23,"column":19},"end":{"line":23,"column":23}},"13":{"start":{"line":25,"column":34},"end":{"line":25,"column":49}},"14":{"start":{"line":26,"column":28},"end":{"line":26,"column":55}},"15":{"start":{"line":27,"column":46},"end":{"line":27,"column":61}},"16":{"start":{"line":28,"column":31},"end":{"line":28,"column":61}},"17":{"start":{"line":30,"column":30},"end":{"line":30,"column":71}},"18":{"start":{"line":32,"column":23},"end":{"line":40,"column":4}},"19":{"start":{"line":42,"column":54},"end":{"line":42,"column":76}},"20":{"start":{"line":49,"column":6},"end":{"line":49,"column":15}},"21":{"start":{"line":51,"column":2},"end":{"line":67,"column":24}},"22":{"start":{"line":52,"column":4},"end":{"line":66,"column":null}},"23":{"start":{"line":53,"column":6},"end":{"line":53,"column":25}},"24":{"start":{"line":55,"column":6},"end":{"line":60,"column":11}},"25":{"start":{"line":56,"column":29},"end":{"line":56,"column":76}},"26":{"start":{"line":57,"column":8},"end":{"line":59,"column":null}},"27":{"start":{"line":58,"column":10},"end":{"line":58,"column":42}},"28":{"start":{"line":62,"column":6},"end":{"line":62,"column":26}},"29":{"start":{"line":64,"column":6},"end":{"line":64,"column":42}},"30":{"start":{"line":65,"column":6},"end":{"line":65,"column":32}},"31":{"start":{"line":69,"column":19},"end":{"line":83,"column":3}},"32":{"start":{"line":70,"column":4},"end":{"line":82,"column":null}},"33":{"start":{"line":71,"column":6},"end":{"line":71,"column":25}},"34":{"start":{"line":73,"column":27},"end":{"line":73,"column":57}},"35":{"start":{"line":75,"column":6},"end":{"line":77,"column":null}},"36":{"start":{"line":76,"column":8},"end":{"line":76,"column":79}},"37":{"start":{"line":79,"column":6},"end":{"line":79,"column":26}},"38":{"start":{"line":81,"column":6},"end":{"line":81,"column":35}},"39":{"start":{"line":85,"column":33},"end":{"line":103,"column":3}},"40":{"start":{"line":86,"column":4},"end":{"line":102,"column":null}},"41":{"start":{"line":87,"column":31},"end":{"line":90,"column":null}},"42":{"start":{"line":93,"column":6},"end":{"line":95,"column":null}},"43":{"start":{"line":94,"column":8},"end":{"line":94,"column":45}},"44":{"start":{"line":97,"column":31},"end":{"line":97,"column":67}},"45":{"start":{"line":99,"column":6},"end":{"line":101,"column":null}},"46":{"start":{"line":100,"column":8},"end":{"line":100,"column":45}},"47":{"start":{"line":105,"column":34},"end":{"line":114,"column":3}},"48":{"start":{"line":106,"column":23},"end":{"line":106,"column":63}},"49":{"start":{"line":108,"column":4},"end":{"line":113,"column":null}},"50":{"start":{"line":109,"column":6},"end":{"line":109,"column":21}},"51":{"start":{"line":110,"column":6},"end":{"line":110,"column":30}},"52":{"start":{"line":112,"column":6},"end":{"line":112,"column":73}},"53":{"start":{"line":116,"column":2},"end":{"line":326,"column":4}},"54":{"start":{"line":311,"column":20},"end":{"line":311,"column":80}},"55":{"start":{"line":21,"column":0},"end":{"line":21,"column":24}}},"fnMap":{"0":{"name":"PractitionerForm","decl":{"start":{"line":21,"column":24},"end":{"line":21,"column":40}},"loc":{"start":{"line":21,"column":40},"end":{"line":327,"column":1}}},"1":{"name":"(anonymous_1)","decl":{"start":{"line":51,"column":12},"end":{"line":51,"column":15}},"loc":{"start":{"line":51,"column":17},"end":{"line":67,"column":3}}},"2":{"name":"(anonymous_2)","decl":{"start":{"line":55,"column":7},"end":{"line":55,"column":12}},"loc":{"start":{"line":55,"column":18},"end":{"line":60,"column":7}}},"3":{"name":"(anonymous_3)","decl":{"start":{"line":69,"column":19},"end":{"line":69,"column":24}},"loc":{"start":{"line":69,"column":42},"end":{"line":83,"column":3}}},"4":{"name":"(anonymous_4)","decl":{"start":{"line":85,"column":33},"end":{"line":85,"column":38}},"loc":{"start":{"line":85,"column":56},"end":{"line":103,"column":3}}},"5":{"name":"(anonymous_5)","decl":{"start":{"line":105,"column":34},"end":{"line":105,"column":35}},"loc":{"start":{"line":105,"column":66},"end":{"line":114,"column":3}}},"6":{"name":"(anonymous_6)","decl":{"start":{"line":310,"column":28},"end":{"line":310,"column":29}},"loc":{"start":{"line":311,"column":20},"end":{"line":311,"column":80}}}},"branchMap":{"0":{"loc":{"start":{"line":52,"column":4},"end":{"line":66,"column":null}},"type":"if","locations":[{"start":{"line":52,"column":4},"end":{"line":66,"column":null}},{"start":{"line":63,"column":11},"end":{"line":66,"column":null}}]},"1":{"loc":{"start":{"line":57,"column":8},"end":{"line":59,"column":null}},"type":"if","locations":[{"start":{"line":57,"column":8},"end":{"line":59,"column":null}}]},"2":{"loc":{"start":{"line":70,"column":4},"end":{"line":82,"column":null}},"type":"if","locations":[{"start":{"line":70,"column":4},"end":{"line":82,"column":null}},{"start":{"line":80,"column":11},"end":{"line":82,"column":null}}]},"3":{"loc":{"start":{"line":75,"column":6},"end":{"line":77,"column":null}},"type":"if","locations":[{"start":{"line":75,"column":6},"end":{"line":77,"column":null}}]},"4":{"loc":{"start":{"line":86,"column":4},"end":{"line":102,"column":null}},"type":"if","locations":[{"start":{"line":86,"column":4},"end":{"line":102,"column":null}},{"start":{"line":96,"column":11},"end":{"line":102,"column":null}}]},"5":{"loc":{"start":{"line":93,"column":6},"end":{"line":95,"column":null}},"type":"if","locations":[{"start":{"line":93,"column":6},"end":{"line":95,"column":null}}]},"6":{"loc":{"start":{"line":99,"column":6},"end":{"line":101,"column":null}},"type":"if","locations":[{"start":{"line":99,"column":6},"end":{"line":101,"column":null}}]},"7":{"loc":{"start":{"line":108,"column":4},"end":{"line":113,"column":null}},"type":"if","locations":[{"start":{"line":108,"column":4},"end":{"line":113,"column":null}},{"start":{"line":111,"column":11},"end":{"line":113,"column":null}}]},"8":{"loc":{"start":{"line":108,"column":8},"end":{"line":108,"column":46}},"type":"binary-expr","locations":[{"start":{"line":108,"column":8},"end":{"line":108,"column":12}},{"start":{"line":108,"column":16},"end":{"line":108,"column":46}}]},"9":{"loc":{"start":{"line":119,"column":7},"end":{"line":119,"column":53}},"type":"binary-expr","locations":[{"start":{"line":119,"column":7},"end":{"line":119,"column":14}},{"start":{"line":119,"column":18},"end":{"line":119,"column":53}}]},"10":{"loc":{"start":{"line":120,"column":7},"end":{"line":323,"column":null}},"type":"binary-expr","locations":[{"start":{"line":120,"column":7},"end":{"line":120,"column":15}},{"start":{"line":121,"column":8},"end":{"line":322,"column":null}}]},"11":{"loc":{"start":{"line":123,"column":17},"end":{"line":123,"column":55}},"type":"cond-expr","locations":[{"start":{"line":123,"column":35},"end":{"line":123,"column":42}},{"start":{"line":123,"column":45},"end":{"line":123,"column":55}}]},"12":{"loc":{"start":{"line":125,"column":15},"end":{"line":127,"column":57}},"type":"cond-expr","locations":[{"start":{"line":126,"column":18},"end":{"line":126,"column":54}},{"start":{"line":127,"column":18},"end":{"line":127,"column":57}}]},"13":{"loc":{"start":{"line":135,"column":15},"end":{"line":153,"column":null}},"type":"binary-expr","locations":[{"start":{"line":135,"column":16},"end":{"line":135,"column":43}},{"start":{"line":135,"column":47},"end":{"line":135,"column":63}},{"start":{"line":136,"column":16},"end":{"line":152,"column":null}}]},"14":{"loc":{"start":{"line":156,"column":15},"end":{"line":157,"column":null}},"type":"binary-expr","locations":[{"start":{"line":156,"column":15},"end":{"line":156,"column":51}},{"start":{"line":157,"column":16},"end":{"line":157,"column":74}}]},"15":{"loc":{"start":{"line":160,"column":15},"end":{"line":163,"column":null}},"type":"binary-expr","locations":[{"start":{"line":160,"column":15},"end":{"line":160,"column":39}},{"start":{"line":161,"column":16},"end":{"line":162,"column":null}}]},"16":{"loc":{"start":{"line":166,"column":15},"end":{"line":169,"column":null}},"type":"binary-expr","locations":[{"start":{"line":166,"column":15},"end":{"line":166,"column":52}},{"start":{"line":167,"column":16},"end":{"line":167,"column":null}}]},"17":{"loc":{"start":{"line":172,"column":15},"end":{"line":185,"column":null}},"type":"binary-expr","locations":[{"start":{"line":172,"column":16},"end":{"line":172,"column":40}},{"start":{"line":172,"column":44},"end":{"line":172,"column":60}},{"start":{"line":173,"column":16},"end":{"line":184,"column":null}}]},"18":{"loc":{"start":{"line":188,"column":15},"end":{"line":189,"column":null}},"type":"binary-expr","locations":[{"start":{"line":188,"column":15},"end":{"line":188,"column":48}},{"start":{"line":189,"column":16},"end":{"line":189,"column":75}}]},"19":{"loc":{"start":{"line":191,"column":15},"end":{"line":194,"column":null}},"type":"binary-expr","locations":[{"start":{"line":191,"column":15},"end":{"line":191,"column":36}},{"start":{"line":192,"column":16},"end":{"line":193,"column":null}}]},"20":{"loc":{"start":{"line":197,"column":15},"end":{"line":210,"column":null}},"type":"binary-expr","locations":[{"start":{"line":197,"column":16},"end":{"line":197,"column":42}},{"start":{"line":197,"column":46},"end":{"line":197,"column":62}},{"start":{"line":198,"column":16},"end":{"line":209,"column":null}}]},"21":{"loc":{"start":{"line":213,"column":15},"end":{"line":216,"column":null}},"type":"binary-expr","locations":[{"start":{"line":213,"column":15},"end":{"line":213,"column":51}},{"start":{"line":214,"column":16},"end":{"line":214,"column":null}}]},"22":{"loc":{"start":{"line":219,"column":15},"end":{"line":222,"column":null}},"type":"binary-expr","locations":[{"start":{"line":219,"column":15},"end":{"line":219,"column":50}},{"start":{"line":220,"column":16},"end":{"line":220,"column":null}}]},"23":{"loc":{"start":{"line":225,"column":15},"end":{"line":236,"column":null}},"type":"binary-expr","locations":[{"start":{"line":225,"column":16},"end":{"line":225,"column":38}},{"start":{"line":225,"column":42},"end":{"line":225,"column":58}},{"start":{"line":226,"column":16},"end":{"line":235,"column":null}}]},"24":{"loc":{"start":{"line":239,"column":15},"end":{"line":242,"column":null}},"type":"binary-expr","locations":[{"start":{"line":239,"column":15},"end":{"line":239,"column":46}},{"start":{"line":240,"column":16},"end":{"line":240,"column":null}}]},"25":{"loc":{"start":{"line":245,"column":15},"end":{"line":259,"column":null}},"type":"binary-expr","locations":[{"start":{"line":245,"column":16},"end":{"line":245,"column":46}},{"start":{"line":245,"column":50},"end":{"line":245,"column":66}},{"start":{"line":246,"column":16},"end":{"line":258,"column":null}}]},"26":{"loc":{"start":{"line":262,"column":15},"end":{"line":265,"column":null}},"type":"binary-expr","locations":[{"start":{"line":262,"column":15},"end":{"line":262,"column":54}},{"start":{"line":263,"column":16},"end":{"line":263,"column":null}}]},"27":{"loc":{"start":{"line":268,"column":15},"end":{"line":279,"column":null}},"type":"binary-expr","locations":[{"start":{"line":268,"column":16},"end":{"line":268,"column":44}},{"start":{"line":268,"column":48},"end":{"line":268,"column":64}},{"start":{"line":269,"column":16},"end":{"line":278,"column":null}}]},"28":{"loc":{"start":{"line":282,"column":15},"end":{"line":283,"column":null}},"type":"binary-expr","locations":[{"start":{"line":282,"column":15},"end":{"line":282,"column":52}},{"start":{"line":283,"column":16},"end":{"line":283,"column":80}}]},"29":{"loc":{"start":{"line":286,"column":15},"end":{"line":297,"column":null}},"type":"binary-expr","locations":[{"start":{"line":286,"column":16},"end":{"line":286,"column":42}},{"start":{"line":286,"column":46},"end":{"line":286,"column":62}},{"start":{"line":287,"column":16},"end":{"line":296,"column":null}}]},"30":{"loc":{"start":{"line":300,"column":15},"end":{"line":301,"column":null}},"type":"binary-expr","locations":[{"start":{"line":300,"column":15},"end":{"line":300,"column":50}},{"start":{"line":301,"column":16},"end":{"line":301,"column":78}}]},"31":{"loc":{"start":{"line":311,"column":44},"end":{"line":311,"column":79}},"type":"binary-expr","locations":[{"start":{"line":311,"column":44},"end":{"line":311,"column":58}},{"start":{"line":311,"column":62},"end":{"line":311,"column":79}}]},"32":{"loc":{"start":{"line":316,"column":17},"end":{"line":316,"column":49}},"type":"cond-expr","locations":[{"start":{"line":316,"column":35},"end":{"line":316,"column":41}},{"start":{"line":316,"column":44},"end":{"line":316,"column":49}}]}},"s":{"0":1,"1":1,"2":1,"3":1,"4":1,"5":1,"6":1,"7":1,"8":1,"9":1,"10":1,"11":7,"12":7,"13":7,"14":6,"15":6,"16":6,"17":6,"18":6,"19":6,"20":6,"21":6,"22":3,"23":0,"24":0,"25":0,"26":0,"27":0,"28":0,"29":3,"30":3,"31":6,"32":1,"33":0,"34":0,"35":0,"36":0,"37":0,"38":1,"39":6,"40":1,"41":0,"42":0,"43":0,"44":1,"45":0,"46":0,"47":6,"48":0,"49":0,"50":0,"51":0,"52":0,"53":6,"54":0,"55":1},"f":{"0":7,"1":3,"2":0,"3":1,"4":1,"5":0,"6":0},"b":{"0":[0,3],"1":[0],"2":[0,1],"3":[0],"4":[0,1],"5":[0],"6":[0],"7":[0,0],"8":[0,0],"9":[6,0],"10":[6,6],"11":[0,6],"12":[0,6],"13":[6,6,6],"14":[6,0],"15":[6,0],"16":[6,0],"17":[6,6,6],"18":[6,0],"19":[6,0],"20":[6,6,6],"21":[6,0],"22":[6,0],"23":[6,6,6],"24":[6,0],"25":[6,6,6],"26":[6,0],"27":[6,6,6],"28":[6,0],"29":[6,6,6],"30":[6,0],"31":[0,0],"32":[0,6]}}
,"/home/ishwargautam/Desktop/Assignments/Practitioner_Profile_Management/client/src/components/Form/SignInForm.tsx": {"path":"/home/ishwargautam/Desktop/Assignments/Practitioner_Profile_Management/client/src/components/Form/SignInForm.tsx","statementMap":{"0":{"start":{"line":1,"column":0},"end":{"line":1,"column":42}},"1":{"start":{"line":2,"column":0},"end":{"line":2,"column":42}},"2":{"start":{"line":3,"column":0},"end":{"line":3,"column":52}},"3":{"start":{"line":4,"column":0},"end":{"line":4,"column":57}},"4":{"start":{"line":19,"column":6},"end":{"line":19,"column":15}},"5":{"start":{"line":21,"column":42},"end":{"line":21,"column":60}},"6":{"start":{"line":23,"column":19},"end":{"line":27,"column":3}},"7":{"start":{"line":24,"column":29},"end":{"line":24,"column":58}},"8":{"start":{"line":26,"column":4},"end":{"line":26,"column":34}},"9":{"start":{"line":29,"column":2},"end":{"line":73,"column":4}},"10":{"start":{"line":14,"column":0},"end":{"line":14,"column":24}}},"fnMap":{"0":{"name":"Form","decl":{"start":{"line":14,"column":24},"end":{"line":14,"column":28}},"loc":{"start":{"line":14,"column":44},"end":{"line":74,"column":1}}},"1":{"name":"(anonymous_1)","decl":{"start":{"line":23,"column":19},"end":{"line":23,"column":24}},"loc":{"start":{"line":23,"column":42},"end":{"line":27,"column":3}}}},"branchMap":{"0":{"loc":{"start":{"line":48,"column":13},"end":{"line":49,"column":null}},"type":"binary-expr","locations":[{"start":{"line":48,"column":13},"end":{"line":48,"column":46}},{"start":{"line":49,"column":14},"end":{"line":49,"column":64}}]},"1":{"loc":{"start":{"line":58,"column":13},"end":{"line":58,"column":77}},"type":"binary-expr","locations":[{"start":{"line":58,"column":13},"end":{"line":58,"column":25}},{"start":{"line":58,"column":29},"end":{"line":58,"column":77}}]}},"s":{"0":1,"1":1,"2":1,"3":1,"4":7,"5":6,"6":6,"7":1,"8":1,"9":6,"10":1},"f":{"0":7,"1":1},"b":{"0":[6,0],"1":[6,0]}}
,"/home/ishwargautam/Desktop/Assignments/Practitioner_Profile_Management/client/src/components/Form/SignUpForm.tsx": {"path":"/home/ishwargautam/Desktop/Assignments/Practitioner_Profile_Management/client/src/components/Form/SignUpForm.tsx","statementMap":{"0":{"start":{"line":1,"column":0},"end":{"line":1,"column":42}},"1":{"start":{"line":2,"column":0},"end":{"line":2,"column":42}},"2":{"start":{"line":3,"column":0},"end":{"line":3,"column":52}},"3":{"start":{"line":4,"column":0},"end":{"line":4,"column":57}},"4":{"start":{"line":5,"column":0},"end":{"line":5,"column":68}},"5":{"start":{"line":21,"column":6},"end":{"line":21,"column":15}},"6":{"start":{"line":23,"column":42},"end":{"line":23,"column":60}},"7":{"start":{"line":25,"column":19},"end":{"line":29,"column":3}},"8":{"start":{"line":26,"column":29},"end":{"line":26,"column":58}},"9":{"start":{"line":28,"column":4},"end":{"line":28,"column":34}},"10":{"start":{"line":31,"column":2},"end":{"line":138,"column":4}},"11":{"start":{"line":109,"column":18},"end":{"line":111,"column":null}},"12":{"start":{"line":110,"column":20},"end":{"line":110,"column":56}},"13":{"start":{"line":15,"column":0},"end":{"line":15,"column":24}}},"fnMap":{"0":{"name":"Form","decl":{"start":{"line":15,"column":24},"end":{"line":15,"column":28}},"loc":{"start":{"line":15,"column":44},"end":{"line":139,"column":1}}},"1":{"name":"(anonymous_1)","decl":{"start":{"line":25,"column":19},"end":{"line":25,"column":24}},"loc":{"start":{"line":25,"column":42},"end":{"line":29,"column":3}}},"2":{"name":"(anonymous_2)","decl":{"start":{"line":108,"column":26},"end":{"line":108,"column":27}},"loc":{"start":{"line":108,"column":42},"end":{"line":112,"column":17}}}},"branchMap":{"0":{"loc":{"start":{"line":58,"column":13},"end":{"line":59,"column":null}},"type":"binary-expr","locations":[{"start":{"line":58,"column":13},"end":{"line":58,"column":49}},{"start":{"line":59,"column":14},"end":{"line":59,"column":68}}]},"1":{"loc":{"start":{"line":61,"column":13},"end":{"line":64,"column":null}},"type":"binary-expr","locations":[{"start":{"line":61,"column":13},"end":{"line":61,"column":37}},{"start":{"line":62,"column":14},"end":{"line":63,"column":null}}]},"2":{"loc":{"start":{"line":66,"column":13},"end":{"line":67,"column":null}},"type":"binary-expr","locations":[{"start":{"line":66,"column":13},"end":{"line":66,"column":50}},{"start":{"line":67,"column":14},"end":{"line":67,"column":73}}]},"3":{"loc":{"start":{"line":79,"column":13},"end":{"line":80,"column":null}},"type":"binary-expr","locations":[{"start":{"line":79,"column":13},"end":{"line":79,"column":46}},{"start":{"line":80,"column":14},"end":{"line":80,"column":64}}]},"4":{"loc":{"start":{"line":83,"column":13},"end":{"line":84,"column":null}},"type":"binary-expr","locations":[{"start":{"line":83,"column":13},"end":{"line":83,"column":34}},{"start":{"line":84,"column":14},"end":{"line":84,"column":80}}]},"5":{"loc":{"start":{"line":95,"column":13},"end":{"line":96,"column":null}},"type":"binary-expr","locations":[{"start":{"line":95,"column":13},"end":{"line":95,"column":49}},{"start":{"line":96,"column":14},"end":{"line":96,"column":67}}]},"6":{"loc":{"start":{"line":98,"column":13},"end":{"line":101,"column":null}},"type":"binary-expr","locations":[{"start":{"line":98,"column":13},"end":{"line":98,"column":50}},{"start":{"line":99,"column":14},"end":{"line":99,"column":null}}]},"7":{"loc":{"start":{"line":109,"column":18},"end":{"line":111,"column":null}},"type":"if","locations":[{"start":{"line":109,"column":18},"end":{"line":111,"column":null}}]},"8":{"loc":{"start":{"line":116,"column":13},"end":{"line":119,"column":null}},"type":"binary-expr","locations":[{"start":{"line":116,"column":13},"end":{"line":116,"column":35}},{"start":{"line":117,"column":14},"end":{"line":118,"column":null}}]},"9":{"loc":{"start":{"line":123,"column":13},"end":{"line":123,"column":77}},"type":"binary-expr","locations":[{"start":{"line":123,"column":13},"end":{"line":123,"column":25}},{"start":{"line":123,"column":29},"end":{"line":123,"column":77}}]}},"s":{"0":1,"1":1,"2":1,"3":1,"4":1,"5":5,"6":4,"7":4,"8":0,"9":0,"10":4,"11":0,"12":0,"13":1},"f":{"0":5,"1":0,"2":0},"b":{"0":[4,0],"1":[4,0],"2":[4,0],"3":[4,0],"4":[4,1],"5":[4,0],"6":[4,0],"7":[0],"8":[4,1],"9":[4,0]}}
,"/home/ishwargautam/Desktop/Assignments/Practitioner_Profile_Management/client/src/utils/constant.ts": {"path":"/home/ishwargautam/Desktop/Assignments/Practitioner_Profile_Management/client/src/utils/constant.ts","statementMap":{"0":{"start":{"line":1,"column":13},"end":{"line":1,"column":49}}},"fnMap":{},"branchMap":{},"s":{"0":3},"f":{},"b":{}}
,"/home/ishwargautam/Desktop/Assignments/Practitioner_Profile_Management/client/src/utils/emailValidation.ts": {"path":"/home/ishwargautam/Desktop/Assignments/Practitioner_Profile_Management/client/src/utils/emailValidation.ts","statementMap":{"0":{"start":{"line":1,"column":21},"end":{"line":4,"column":null}},"1":{"start":{"line":3,"column":2},"end":{"line":4,"column":null}},"2":{"start":{"line":7,"column":37},"end":{"line":13,"column":1}},"3":{"start":{"line":8,"column":18},"end":{"line":8,"column":37}},"4":{"start":{"line":10,"column":2},"end":{"line":12,"column":null}},"5":{"start":{"line":11,"column":4},"end":{"line":11,"column":43}},"6":{"start":{"line":7,"column":13},"end":{"line":7,"column":37}}},"fnMap":{"0":{"name":"(anonymous_0)","decl":{"start":{"line":1,"column":21},"end":{"line":1,"column":22}},"loc":{"start":{"line":3,"column":2},"end":{"line":4,"column":null}}},"1":{"name":"(anonymous_1)","decl":{"start":{"line":7,"column":37},"end":{"line":7,"column":38}},"loc":{"start":{"line":7,"column":55},"end":{"line":13,"column":1}}}},"branchMap":{"0":{"loc":{"start":{"line":10,"column":2},"end":{"line":12,"column":null}},"type":"if","locations":[{"start":{"line":10,"column":2},"end":{"line":12,"column":null}}]}},"s":{"0":3,"1":9,"2":3,"3":9,"4":9,"5":6,"6":3},"f":{"0":9,"1":9},"b":{"0":[6]}}
,"/home/ishwargautam/Desktop/Assignments/Practitioner_Profile_Management/client/src/utils/label.tsx": {"path":"/home/ishwargautam/Desktop/Assignments/Practitioner_Profile_Management/client/src/utils/label.tsx","statementMap":{"0":{"start":{"line":2,"column":2},"end":{"line":7,"column":4}},"1":{"start":{"line":1,"column":0},"end":{"line":1,"column":24}}},"fnMap":{"0":{"name":"label","decl":{"start":{"line":1,"column":24},"end":{"line":1,"column":29}},"loc":{"start":{"line":1,"column":61},"end":{"line":8,"column":1}}}},"branchMap":{"0":{"loc":{"start":{"line":1,"column":45},"end":{"line":1,"column":61}},"type":"default-arg","locations":[{"start":{"line":1,"column":56},"end":{"line":1,"column":61}}]},"1":{"loc":{"start":{"line":5,"column":7},"end":{"line":5,"column":58}},"type":"binary-expr","locations":[{"start":{"line":5,"column":7},"end":{"line":5,"column":15}},{"start":{"line":5,"column":19},"end":{"line":5,"column":58}}]}},"s":{"0":48,"1":1},"f":{"0":48},"b":{"0":[6],"1":[48,42]}}
}
