TN:
SF:src/assets/img1.jpg
FNF:0
FNH:0
DA:1,2
LF:1
LH:1
BRF:0
BRH:0
end_of_record
TN:
SF:src/assets/img2.jpg
FNF:0
FNH:0
DA:1,1
LF:1
LH:1
BRF:0
BRH:0
end_of_record
TN:
SF:src/components/Form/PractitionerForm.module.css
FNF:0
FNH:0
DA:1,1
LF:1
LH:1
BRF:0
BRH:0
end_of_record
TN:
SF:src/components/Form/PractitionerForm.tsx
FN:16,PractitionerForm
FN:47,(anonymous_1)
FN:52,(anonymous_2)
FN:55,(anonymous_3)
FN:58,(anonymous_4)
FN:66,(anonymous_5)
FN:80,(anonymous_6)
FN:83,(anonymous_7)
FN:84,(anonymous_8)
FN:92,(anonymous_9)
FN:96,(anonymous_10)
FN:99,(anonymous_11)
FN:112,(anonymous_12)
FN:115,(anonymous_13)
FN:128,(anonymous_14)
FN:336,(anonymous_15)
FNF:16
FNH:4
FNDA:7,PractitionerForm
FNDA:3,(anonymous_1)
FNDA:0,(anonymous_2)
FNDA:0,(anonymous_3)
FNDA:0,(anonymous_4)
FNDA:1,(anonymous_5)
FNDA:0,(anonymous_6)
FNDA:0,(anonymous_7)
FNDA:0,(anonymous_8)
FNDA:1,(anonymous_9)
FNDA:0,(anonymous_10)
FNDA:0,(anonymous_11)
FNDA:0,(anonymous_12)
FNDA:0,(anonymous_13)
FNDA:0,(anonymous_14)
FNDA:0,(anonymous_15)
DA:1,1
DA:2,1
DA:3,1
DA:4,1
DA:5,1
DA:6,1
DA:7,1
DA:8,1
DA:9,1
DA:10,1
DA:16,1
DA:17,7
DA:18,7
DA:20,7
DA:21,6
DA:22,6
DA:23,6
DA:24,6
DA:26,6
DA:28,6
DA:38,6
DA:45,6
DA:47,6
DA:48,3
DA:49,0
DA:50,0
DA:53,0
DA:56,0
DA:59,0
DA:62,3
DA:66,6
DA:67,1
DA:68,0
DA:70,0
DA:72,0
DA:73,0
DA:75,0
DA:81,0
DA:83,0
DA:85,0
DA:88,1
DA:92,6
DA:93,1
DA:94,0
DA:97,0
DA:100,0
DA:101,0
DA:105,0
DA:106,0
DA:110,1
DA:113,0
DA:116,0
DA:117,0
DA:121,0
DA:122,0
DA:128,6
DA:129,0
DA:131,0
DA:132,0
DA:133,0
DA:134,0
DA:136,0
DA:140,6
DA:337,0
LF:64
LH:33
BRDA:48,0,0,0
BRDA:48,0,1,3
BRDA:67,1,0,0
BRDA:67,1,1,1
BRDA:93,2,0,0
BRDA:93,2,1,1
BRDA:100,3,0,0
BRDA:100,3,1,0
BRDA:116,4,0,0
BRDA:116,4,1,0
BRDA:131,5,0,0
BRDA:131,5,1,0
BRDA:131,6,0,0
BRDA:131,6,1,0
BRDA:142,7,0,6
BRDA:142,7,1,0
BRDA:143,8,0,6
BRDA:143,8,1,6
BRDA:146,9,0,0
BRDA:146,9,1,6
BRDA:148,10,0,0
BRDA:148,10,1,6
BRDA:158,11,0,6
BRDA:158,11,1,6
BRDA:158,11,2,6
BRDA:179,12,0,6
BRDA:179,12,1,0
BRDA:183,13,0,6
BRDA:183,13,1,0
BRDA:189,14,0,6
BRDA:189,14,1,0
BRDA:195,15,0,6
BRDA:195,15,1,6
BRDA:195,15,2,6
BRDA:211,16,0,6
BRDA:211,16,1,0
BRDA:214,17,0,6
BRDA:214,17,1,0
BRDA:219,18,0,6
BRDA:219,18,1,0
BRDA:223,19,0,6
BRDA:223,19,1,6
BRDA:223,19,2,6
BRDA:239,20,0,6
BRDA:239,20,1,0
BRDA:245,21,0,6
BRDA:245,21,1,0
BRDA:251,22,0,6
BRDA:251,22,1,6
BRDA:251,22,2,6
BRDA:265,23,0,6
BRDA:265,23,1,0
BRDA:271,24,0,6
BRDA:271,24,1,6
BRDA:271,24,2,6
BRDA:288,25,0,6
BRDA:288,25,1,0
BRDA:294,26,0,6
BRDA:294,26,1,6
BRDA:294,26,2,6
BRDA:308,27,0,6
BRDA:308,27,1,0
BRDA:312,28,0,6
BRDA:312,28,1,6
BRDA:312,28,2,6
BRDA:326,29,0,6
BRDA:326,29,1,0
BRDA:337,30,0,0
BRDA:337,30,1,0
BRDA:341,31,0,6
BRDA:341,31,1,0
BRDA:346,32,0,0
BRDA:346,32,1,6
BRF:73
BRH:43
end_of_record
TN:
SF:src/components/Form/SignInForm.tsx
FN:14,Form
FN:23,(anonymous_1)
FNF:2
FNH:2
FNDA:8,Form
FNDA:1,(anonymous_1)
DA:1,1
DA:2,1
DA:3,1
DA:4,1
DA:14,1
DA:19,8
DA:21,7
DA:23,7
DA:24,1
DA:26,1
DA:27,0
DA:29,0
DA:31,1
DA:33,1
DA:34,1
DA:36,0
DA:37,0
DA:39,0
DA:40,0
DA:42,0
DA:47,7
LF:21
LH:14
BRDA:26,0,0,0
BRDA:26,0,1,1
BRDA:31,1,0,1
BRDA:31,1,1,0
BRDA:31,1,2,0
BRDA:31,1,3,0
BRDA:66,2,0,7
BRDA:66,2,1,0
BRDA:76,3,0,7
BRDA:76,3,1,2
BRF:10
BRH:5
end_of_record
TN:
SF:src/components/Form/SignUpForm.tsx
FN:15,Form
FN:25,(anonymous_1)
FN:122,(anonymous_2)
FNF:3
FNH:1
FNDA:6,Form
FNDA:0,(anonymous_1)
FNDA:0,(anonymous_2)
DA:1,1
DA:2,1
DA:3,1
DA:4,1
DA:5,1
DA:15,1
DA:21,6
DA:23,5
DA:25,5
DA:26,0
DA:28,0
DA:29,0
DA:31,0
DA:33,0
DA:35,0
DA:36,0
DA:40,0
DA:45,5
DA:123,0
DA:124,0
LF:20
LH:10
BRDA:28,0,0,0
BRDA:28,0,1,0
BRDA:35,1,0,0
BRDA:35,1,1,0
BRDA:72,2,0,5
BRDA:72,2,1,0
BRDA:75,3,0,5
BRDA:75,3,1,0
BRDA:80,4,0,5
BRDA:80,4,1,0
BRDA:93,5,0,5
BRDA:93,5,1,0
BRDA:97,6,0,5
BRDA:97,6,1,1
BRDA:109,7,0,5
BRDA:109,7,1,0
BRDA:112,8,0,5
BRDA:112,8,1,0
BRDA:123,9,0,0
BRDA:130,10,0,5
BRDA:130,10,1,1
BRDA:137,11,0,5
BRDA:137,11,1,0
BRF:23
BRH:11
end_of_record
TN:
SF:src/services/http.ts
FN:9,(anonymous_0)
FN:15,(anonymous_1)
FN:21,(anonymous_2)
FN:24,(anonymous_3)
FNF:4
FNH:1
FNDA:1,(anonymous_0)
FNDA:0,(anonymous_1)
FNDA:0,(anonymous_2)
FNDA:0,(anonymous_3)
DA:1,3
DA:2,3
DA:4,3
DA:8,3
DA:10,1
DA:12,1
DA:13,1
DA:16,0
DA:20,3
DA:22,0
DA:25,0
DA:26,0
DA:27,0
DA:29,0
DA:30,0
DA:31,0
DA:33,0
DA:35,0
DA:39,0
DA:43,3
LF:20
LH:9
BRDA:25,0,0,0
BRDA:25,1,0,0
BRDA:25,1,1,0
BRF:3
BRH:0
end_of_record
TN:
SF:src/services/user.service.ts
FN:9,(anonymous_0)
FN:12,(anonymous_1)
FN:18,(anonymous_2)
FN:23,(anonymous_3)
FN:30,(anonymous_4)
FN:36,(anonymous_5)
FNF:6
FNH:0
FNDA:0,(anonymous_0)
FNDA:0,(anonymous_1)
FNDA:0,(anonymous_2)
FNDA:0,(anonymous_3)
FNDA:0,(anonymous_4)
FNDA:0,(anonymous_5)
DA:1,2
DA:9,2
DA:10,0
DA:13,0
DA:14,0
DA:16,0
DA:19,0
DA:23,2
DA:24,0
DA:31,0
DA:32,0
DA:34,0
DA:37,0
LF:13
LH:3
BRF:0
BRH:0
end_of_record
TN:
SF:src/utils/constant.ts
FNF:0
FNH:0
DA:1,3
LF:1
LH:1
BRF:0
BRH:0
end_of_record
TN:
SF:src/utils/emailValidation.ts
FN:1,(anonymous_0)
FN:7,(anonymous_1)
FNF:2
FNH:2
FNDA:9,(anonymous_0)
FNDA:9,(anonymous_1)
DA:1,3
DA:3,9
DA:7,3
DA:8,9
DA:10,9
DA:11,6
LF:6
LH:6
BRDA:10,0,0,6
BRF:1
BRH:1
end_of_record
TN:
SF:src/utils/label.tsx
FN:1,label
FNF:1
FNH:1
FNDA:48,label
DA:1,1
DA:2,48
LF:2
LH:2
BRDA:1,0,0,6
BRDA:5,1,0,48
BRDA:5,1,1,42
BRF:3
BRH:3
end_of_record
