TN:
SF:src/assets/img1.jpg
FNF:0
FNH:0
DA:1,2
LF:1
LH:1
BRF:0
BRH:0
end_of_record
TN:
SF:src/assets/img2.jpg
FNF:0
FNH:0
DA:1,1
LF:1
LH:1
BRF:0
BRH:0
end_of_record
TN:
SF:src/components/Form/PractitionerForm.module.css
FNF:0
FNH:0
DA:1,1
LF:1
LH:1
BRF:0
BRH:0
end_of_record
TN:
SF:src/components/Form/PractitionerForm.tsx
FN:21,PractitionerForm
FN:51,(anonymous_1)
FN:55,(anonymous_2)
FN:69,(anonymous_3)
FN:85,(anonymous_4)
FN:105,(anonymous_5)
FN:310,(anonymous_6)
FNF:7
FNH:4
FNDA:7,PractitionerForm
FNDA:3,(anonymous_1)
FNDA:0,(anonymous_2)
FNDA:1,(anonymous_3)
FNDA:1,(anonymous_4)
FNDA:0,(anonymous_5)
FNDA:0,(anonymous_6)
DA:1,1
DA:2,1
DA:3,1
DA:4,1
DA:5,1
DA:6,1
DA:7,1
DA:8,1
DA:9,1
DA:10,1
DA:11,1
DA:21,1
DA:22,7
DA:23,7
DA:25,7
DA:26,6
DA:27,6
DA:28,6
DA:30,6
DA:32,6
DA:42,6
DA:49,6
DA:51,6
DA:52,3
DA:53,0
DA:55,0
DA:56,0
DA:57,0
DA:58,0
DA:62,0
DA:64,3
DA:65,3
DA:69,6
DA:70,1
DA:71,0
DA:73,0
DA:75,0
DA:76,0
DA:79,0
DA:81,1
DA:85,6
DA:86,1
DA:87,0
DA:93,0
DA:94,0
DA:97,1
DA:99,0
DA:100,0
DA:105,6
DA:106,0
DA:108,0
DA:109,0
DA:110,0
DA:112,0
DA:116,6
DA:311,0
LF:56
LH:34
BRDA:52,0,0,0
BRDA:52,0,1,3
BRDA:57,1,0,0
BRDA:70,2,0,0
BRDA:70,2,1,1
BRDA:75,3,0,0
BRDA:86,4,0,0
BRDA:86,4,1,1
BRDA:93,5,0,0
BRDA:99,6,0,0
BRDA:108,7,0,0
BRDA:108,7,1,0
BRDA:108,8,0,0
BRDA:108,8,1,0
BRDA:119,9,0,6
BRDA:119,9,1,0
BRDA:120,10,0,6
BRDA:120,10,1,6
BRDA:123,11,0,0
BRDA:123,11,1,6
BRDA:125,12,0,0
BRDA:125,12,1,6
BRDA:135,13,0,6
BRDA:135,13,1,6
BRDA:135,13,2,6
BRDA:156,14,0,6
BRDA:156,14,1,0
BRDA:160,15,0,6
BRDA:160,15,1,0
BRDA:166,16,0,6
BRDA:166,16,1,0
BRDA:172,17,0,6
BRDA:172,17,1,6
BRDA:172,17,2,6
BRDA:188,18,0,6
BRDA:188,18,1,0
BRDA:191,19,0,6
BRDA:191,19,1,0
BRDA:197,20,0,6
BRDA:197,20,1,6
BRDA:197,20,2,6
BRDA:213,21,0,6
BRDA:213,21,1,0
BRDA:219,22,0,6
BRDA:219,22,1,0
BRDA:225,23,0,6
BRDA:225,23,1,6
BRDA:225,23,2,6
BRDA:239,24,0,6
BRDA:239,24,1,0
BRDA:245,25,0,6
BRDA:245,25,1,6
BRDA:245,25,2,6
BRDA:262,26,0,6
BRDA:262,26,1,0
BRDA:268,27,0,6
BRDA:268,27,1,6
BRDA:268,27,2,6
BRDA:282,28,0,6
BRDA:282,28,1,0
BRDA:286,29,0,6
BRDA:286,29,1,6
BRDA:286,29,2,6
BRDA:300,30,0,6
BRDA:300,30,1,0
BRDA:311,31,0,0
BRDA:311,31,1,0
BRDA:316,32,0,0
BRDA:316,32,1,6
BRF:69
BRH:41
end_of_record
TN:
SF:src/components/Form/SignInForm.tsx
FN:14,Form
FN:23,(anonymous_1)
FNF:2
FNH:2
FNDA:7,Form
FNDA:1,(anonymous_1)
DA:1,1
DA:2,1
DA:3,1
DA:4,1
DA:14,1
DA:19,7
DA:21,6
DA:23,6
DA:24,1
DA:26,1
DA:29,6
LF:11
LH:11
BRDA:48,0,0,6
BRDA:48,0,1,0
BRDA:58,1,0,6
BRDA:58,1,1,0
BRF:4
BRH:2
end_of_record
TN:
SF:src/components/Form/SignUpForm.tsx
FN:15,Form
FN:25,(anonymous_1)
FN:108,(anonymous_2)
FNF:3
FNH:1
FNDA:5,Form
FNDA:0,(anonymous_1)
FNDA:0,(anonymous_2)
DA:1,1
DA:2,1
DA:3,1
DA:4,1
DA:5,1
DA:15,1
DA:21,5
DA:23,4
DA:25,4
DA:26,0
DA:28,0
DA:31,4
DA:109,0
DA:110,0
LF:14
LH:10
BRDA:58,0,0,4
BRDA:58,0,1,0
BRDA:61,1,0,4
BRDA:61,1,1,0
BRDA:66,2,0,4
BRDA:66,2,1,0
BRDA:79,3,0,4
BRDA:79,3,1,0
BRDA:83,4,0,4
BRDA:83,4,1,1
BRDA:95,5,0,4
BRDA:95,5,1,0
BRDA:98,6,0,4
BRDA:98,6,1,0
BRDA:109,7,0,0
BRDA:116,8,0,4
BRDA:116,8,1,1
BRDA:123,9,0,4
BRDA:123,9,1,0
BRF:19
BRH:11
end_of_record
TN:
SF:src/utils/constant.ts
FNF:0
FNH:0
DA:1,3
LF:1
LH:1
BRF:0
BRH:0
end_of_record
TN:
SF:src/utils/emailValidation.ts
FN:1,(anonymous_0)
FN:7,(anonymous_1)
FNF:2
FNH:2
FNDA:9,(anonymous_0)
FNDA:9,(anonymous_1)
DA:1,3
DA:3,9
DA:7,3
DA:8,9
DA:10,9
DA:11,6
LF:6
LH:6
BRDA:10,0,0,6
BRF:1
BRH:1
end_of_record
TN:
SF:src/utils/label.tsx
FN:1,label
FNF:1
FNH:1
FNDA:48,label
DA:1,1
DA:2,48
LF:2
LH:2
BRDA:1,0,0,6
BRDA:5,1,0,48
BRDA:5,1,1,42
BRF:3
BRH:3
end_of_record
